<?xml version="1.0" encoding="utf-8"?><testsuites name="pytest tests"><testsuite name="pytest" errors="0" failures="0" skipped="0" tests="139" time="5.204" timestamp="2026-09-22T18:39:37.661832+08:00" hostname="FengShan"><testcase classname="tests.behavior.test_daily_exit_rules_v1" name="test_positive_control_signal_then_next_session_open_fill" time="0.018" /><testcase classname="tests.behavior.test_daily_exit_rules_v1" name="test_cost_stop_anchor_is_actual_fill_price_not_structure_low" time="0.012" /><testcase classname="tests.behavior.test_daily_exit_rules_v1" name="test_cost_stop_does_not_trigger_when_close_stays_above_line" time="0.014" /><testcase classname="tests.behavior.test_daily_exit_rules_v1" name="test_anchor_uses_lot_entry_price_not_latest_average" time="0.014" /><testcase classname="tests.behavior.test_daily_exit_rules_v1" name="test_take_profit_changes_orders_and_ledger" time="0.024" /><testcase classname="tests.behavior.test_daily_exit_rules_v1" name="test_take_profit_is_price_percentage_not_net_profit_threshold" time="0.000" /><testcase classname="tests.behavior.test_daily_exit_rules_v1" name="test_trailing_stop_inactive_then_active_then_tightens" time="0.013" /><testcase classname="tests.behavior.test_daily_exit_rules_v1" name="test_trailing_stop_triggers_on_close_below_line" time="0.012" /><testcase classname="tests.behavior.test_daily_exit_rules_v1" name="test_trailing_stop_disabled_has_no_effect" time="0.012" /><testcase classname="tests.behavior.test_daily_exit_rules_v1" name="test_trailing_partial_sell_does_not_reset_peak" time="0.001" /><testcase classname="tests.behavior.test_daily_exit_rules_v1" name="test_fixed_hold_uses_trading_session_index" time="0.012" /><testcase classname="tests.behavior.test_daily_exit_rules_v1" name="test_fixed_hold_zero_sessions_exits_next_session" time="0.010" /><testcase classname="tests.behavior.test_daily_exit_rules_v1" name="test_unsupported_exit_types_are_rejected[INTRADAY_TOUCH_STOP]" time="0.001" /><testcase classname="tests.behavior.test_daily_exit_rules_v1" name="test_unsupported_exit_types_are_rejected[TICK_LEVEL_EXIT]" time="0.001" /><testcase classname="tests.behavior.test_daily_exit_rules_v1" name="test_unsupported_exit_types_are_rejected[MULTI_TIMEFRAME_EXIT]" time="0.000" /><testcase classname="tests.behavior.test_daily_exit_rules_v1" name="test_unsupported_exit_types_are_rejected[STRUCTURE_STOP]" time="0.000" /><testcase classname="tests.behavior.test_daily_exit_rules_v1" name="test_unsupported_exit_types_are_rejected[INDICATOR_EXIT]" time="0.000" /><testcase classname="tests.behavior.test_daily_exit_rules_v1" name="test_unknown_exit_type_is_rejected" time="0.000" /><testcase classname="tests.behavior.test_daily_exit_rules_v1" name="test_invalid_exit_parameters_are_rejected" time="0.000" /><testcase classname="tests.behavior.test_daily_exit_rules_v1" name="test_unknown_request_field_is_rejected_not_silently_ignored" time="0.000" /><testcase classname="tests.behavior.test_daily_exit_rules_v1" name="test_unsupported_mode_is_rejected_not_silently_downgraded" time="0.001" /><testcase classname="tests.behavior.test_daily_exit_rules_v1" name="test_gap_down_executes_at_real_next_open_not_capped_at_stop_pct" time="0.012" /><testcase classname="tests.behavior.test_daily_exit_rules_v1" name="test_high_low_touch_without_close_trigger_produces_no_exit" time="0.014" /><testcase classname="tests.behavior.test_daily_exit_rules_v1" name="test_multiple_hits_preserve_all_reasons_with_fixed_primary_priority" time="0.011" /><testcase classname="tests.behavior.test_full_account_chain_v1" name="test_scenario_a_normal_fill_positive_control" time="0.013" /><testcase classname="tests.behavior.test_full_account_chain_v1" name="test_scenario_b_wrong_condition_produces_no_order" time="0.020" /><testcase classname="tests.behavior.test_full_account_chain_v1" name="test_scenario_b_unknown_condition_is_rejected" time="0.001" /><testcase classname="tests.behavior.test_full_account_chain_v1" name="test_scenario_c_insufficient_warmup_produces_no_signal" time="0.005" /><testcase classname="tests.behavior.test_full_account_chain_v1" name="test_scenario_d_t_plus_one_blocks_same_session_sell" time="0.010" /><testcase classname="tests.behavior.test_full_account_chain_v1" name="test_scenario_e_suspension_blocks_sell_with_explicit_reason" time="0.013" /><testcase classname="tests.behavior.test_full_account_chain_v1" name="test_scenario_e_limit_down_blocks_sell_with_explicit_reason" time="0.011" /><testcase classname="tests.behavior.test_full_account_chain_v1" name="test_scenario_f_zero_capacity_rejects_instead_of_full_fill" time="0.008" /><testcase classname="tests.behavior.test_full_account_chain_v1" name="test_scenario_f_tight_capacity_truncates_quantity_to_lot_multiple" time="0.014" /><testcase classname="tests.behavior.test_full_account_chain_v1" name="test_scenario_f_quantity_never_exceeds_order_quantity" time="0.014" /><testcase classname="tests.behavior.test_full_account_chain_v1" name="test_scenario_g_insufficient_cash_produces_no_fill" time="0.017" /><testcase classname="tests.behavior.test_full_account_chain_v1" name="test_scenario_g_cannot_afford_one_lot_produces_no_fill" time="0.017" /><testcase classname="tests.behavior.test_full_account_chain_v1" name="test_scenario_h_no_duplicate_exit_for_same_lot" time="0.025" /><testcase classname="tests.behavior.test_full_account_chain_v1" name="test_scenario_h_exit_lot_is_fully_closed_once" time="0.025" /><testcase classname="tests.behavior.test_full_account_chain_v1" name="test_scenario_i_end_of_window_unfilled_exit_is_explicit" time="0.027" /><testcase classname="tests.behavior.test_full_account_chain_v1" name="test_scenario_j_same_request_produces_identical_semantics" time="0.049" /><testcase classname="tests.behavior.test_full_account_chain_v1" name="test_scenario_j_appending_future_bars_does_not_change_past_events" time="0.048" /><testcase classname="tests.behavior.test_full_account_chain_v1" name="test_scenario_j_run_reuse_does_not_leak_previous_state" time="0.043" /><testcase classname="tests.behavior.test_ledger_hand_calculation_v1" name="test_manual_account_case_expected_values" time="0.001" /><testcase classname="tests.behavior.test_ledger_hand_calculation_v1" name="test_fee_model_matches_independent_formula" time="0.001" /><testcase classname="tests.behavior.test_ledger_hand_calculation_v1" name="test_slippage_matches_independent_formula" time="0.001" /><testcase classname="tests.behavior.test_ledger_hand_calculation_v1" name="test_end_to_end_account_matches_independent_expectation" time="0.013" /><testcase classname="tests.behavior.test_ledger_hand_calculation_v1" name="test_cash_and_positions_are_reported_consistently" time="0.014" /><testcase classname="tests.behavior.test_ledger_hand_calculation_v1" name="test_zero_fee_contract_matches_pure_arithmetic" time="0.013" /><testcase classname="tests.behavior.test_official_valuation_wiring_v1" name="test_public_entry_returns_official_valuation_identity" time="0.014" /><testcase classname="tests.behavior.test_official_valuation_wiring_v1" name="test_public_entry_equity_curve_matches_official_points" time="0.014" /><testcase classname="tests.behavior.test_official_valuation_wiring_v1" name="test_public_entry_daily_equity_is_finite_and_positive" time="0.014" /><testcase classname="tests.behavior.test_official_valuation_wiring_v1" name="test_missing_whole_session_is_detected_through_public_entry" time="0.001" /><testcase classname="tests.behavior.test_official_valuation_wiring_v1" name="test_missing_end_session_is_detected_and_not_silently_shortened" time="0.001" /><testcase classname="tests.behavior.test_official_valuation_wiring_v1" name="test_valuation_layer_detects_missing_session_in_snapshots" time="0.001" /><testcase classname="tests.behavior.test_official_valuation_wiring_v1" name="test_valuation_layer_detects_missing_end_session" time="0.001" /><testcase classname="tests.behavior.test_official_valuation_wiring_v1" name="test_non_finite_equity_is_rejected[nan]" time="0.001" /><testcase classname="tests.behavior.test_official_valuation_wiring_v1" name="test_non_finite_equity_is_rejected[inf]" time="0.001" /><testcase classname="tests.behavior.test_official_valuation_wiring_v1" name="test_non_finite_equity_is_rejected[-inf]" time="0.001" /><testcase classname="tests.behavior.test_official_valuation_wiring_v1" name="test_non_positive_equity_is_rejected" time="0.001" /><testcase classname="tests.behavior.test_official_valuation_wiring_v1" name="test_non_numeric_equity_is_rejected" time="0.001" /><testcase classname="tests.behavior.test_official_valuation_wiring_v1" name="test_official_valuation_requires_explicit_calendar" time="0.001" /><testcase classname="tests.behavior.test_official_valuation_wiring_v1" name="test_diagnostic_curve_is_explicitly_non_official" time="0.000" /><testcase classname="tests.behavior.test_official_valuation_wiring_v1" name="test_same_session_multiple_events_uses_settlement_terminal_state" time="0.001" /><testcase classname="tests.behavior.test_official_valuation_wiring_v1" name="test_endpoint_mismatch_is_rejected" time="0.001" /><testcase classname="tests.behavior.test_public_entrypoints_v1" name="test_default_read_only_policy_still_denies_behavior_endpoint" time="0.079" /><testcase classname="tests.behavior.test_public_entrypoints_v1" name="test_contracts_endpoint_exposes_actual_versions" time="0.066" /><testcase classname="tests.behavior.test_public_entrypoints_v1" name="test_legacy_web_backtest_endpoint_is_not_silently_replaced" time="0.021" /><testcase classname="tests.behavior.test_public_entrypoints_v1" name="test_http_behavior_endpoint_runs_and_reports_versions" time="0.039" /><testcase classname="tests.behavior.test_public_entrypoints_v1" name="test_http_rejects_file_entry_and_unsupported_combination" time="0.030" /><testcase classname="tests.behavior.test_public_entrypoints_v1" name="test_cli_matches_http_semantics" time="0.781" /><testcase classname="tests.behavior.test_public_entrypoints_v1" name="test_cli_supports_file_entry" time="0.793" /><testcase classname="tests.behavior.test_public_entrypoints_v1" name="test_cli_rejects_path_outside_declared_root" time="0.837" /><testcase classname="tests.behavior.test_public_entrypoints_v1" name="test_service_rejects_dataset_path_outside_root" time="0.003" /><testcase classname="tests.behavior.test_public_entrypoints_v1" name="test_http_behavior_endpoint_does_not_write_research_root" time="0.055" /><testcase classname="tests.indicators.test_indicator_formulas_v1" name="test_macd_v1_hand_computed_short_sequence" time="0.001" /><testcase classname="tests.indicators.test_indicator_formulas_v1" name="test_kdj_v1_hand_computed_short_sequence" time="0.001" /><testcase classname="tests.indicators.test_indicator_formulas_v1" name="test_macd_v1_matches_independent_oracle[flat]" time="0.055" /><testcase classname="tests.indicators.test_indicator_formulas_v1" name="test_macd_v1_matches_independent_oracle[up]" time="0.002" /><testcase classname="tests.indicators.test_indicator_formulas_v1" name="test_macd_v1_matches_independent_oracle[down]" time="0.002" /><testcase classname="tests.indicators.test_indicator_formulas_v1" name="test_macd_v1_matches_independent_oracle[roundtrip]" time="0.002" /><testcase classname="tests.indicators.test_indicator_formulas_v1" name="test_kdj_v1_matches_independent_oracle[flat]" time="0.003" /><testcase classname="tests.indicators.test_indicator_formulas_v1" name="test_kdj_v1_matches_independent_oracle[up]" time="0.003" /><testcase classname="tests.indicators.test_indicator_formulas_v1" name="test_kdj_v1_matches_independent_oracle[down]" time="0.003" /><testcase classname="tests.indicators.test_indicator_formulas_v1" name="test_kdj_v1_matches_independent_oracle[roundtrip]" time="0.003" /><testcase classname="tests.indicators.test_indicator_formulas_v1" name="test_ema_recursive_matches_pandas_adjust_false" time="0.001" /><testcase classname="tests.indicators.test_indicator_formulas_v1" name="test_cross_helpers_match_oracle" time="0.001" /><testcase classname="tests.indicators.test_indicator_formulas_v1" name="test_moving_average_matches_manual_mean" time="0.001" /><testcase classname="tests.indicators.test_indicator_formulas_v1" name="test_macd_conditions_are_distinct_not_a_single_label" time="0.013" /><testcase classname="tests.indicators.test_indicator_formulas_v1" name="test_macd_exact_equality_and_near_zero_are_not_golden_cross" time="0.001" /><testcase classname="tests.indicators.test_indicator_formulas_v1" name="test_macd_sustained_above_without_new_cross_has_no_cross_signal" time="0.004" /><testcase classname="tests.indicators.test_indicator_formulas_v1" name="test_unknown_condition_is_rejected" time="0.001" /><testcase classname="tests.indicators.test_indicator_formulas_v1" name="test_parameters_must_be_passed_and_appear_in_result" time="0.002" /><testcase classname="tests.indicators.test_indicator_formulas_v1" name="test_kdj_hhv_equals_llv_ends_segment_and_does_not_fake_signal" time="0.002" /><testcase classname="tests.indicators.test_indicator_formulas_v1" name="test_kdj_recovers_after_gap_with_fresh_warmup" time="0.003" /><testcase classname="tests.indicators.test_indicator_formulas_v1" name="test_kdj_nan_input_ends_segment_without_crossing_gap" time="0.002" /><testcase classname="tests.indicators.test_indicator_formulas_v1" name="test_kdj_negative_or_zero_price_is_invalid_input" time="0.002" /><testcase classname="tests.indicators.test_indicator_formulas_v1" name="test_kdj_j_is_not_clamped" time="0.002" /><testcase classname="tests.indicators.test_indicator_formulas_v1" name="test_duplicate_or_unsorted_time_index_is_rejected" time="0.001" /><testcase classname="tests.indicators.test_indicator_formulas_v1" name="test_prefix_computation_matches_batch_on_completed_part" time="0.004" /><testcase classname="tests.indicators.test_indicator_formulas_v1" name="test_appending_future_prices_does_not_change_past_indicators" time="0.005" /><testcase classname="tests.indicators.test_indicator_formulas_v1" name="test_appending_future_prices_does_not_change_past_kdj" time="0.005" /><testcase classname="tests.indicators.test_indicator_formulas_v1" name="test_segment_ids_helper_contract" time="0.001" /><testcase classname="tests.legacy_entry.test_index_filter_lookahead" name="test_open_decision_ignores_same_day_index_close" time="0.005" /><testcase classname="tests.legacy_entry.test_index_filter_lookahead" name="test_open_decision_uses_prior_index_close" time="0.004" /><testcase classname="tests.legacy_entry.test_index_filter_lookahead" name="test_missing_prior_index_close_is_fail_closed" time="0.003" /><testcase classname="tests.legacy_entry.test_index_filter_lookahead" name="test_index_ma_warmup_insufficient_blocks" time="0.003" /><testcase classname="tests.legacy_entry.test_index_filter_lookahead" name="test_last_session_uses_previous_close_not_its_own" time="0.003" /><testcase classname="tests.legacy_entry.test_index_filter_lookahead" name="test_index_filter_disabled_is_unaffected" time="0.002" /><testcase classname="tests.legacy_entry.test_index_filter_lookahead" name="test_positive_control_real_fill_still_happens" time="0.003" /><testcase classname="tests.engine.test_engine_strategy_api" name="test_strategy_fn_full_buy_sell_flow" time="0.008" /><testcase classname="tests.engine.test_order_broker" name="test_order_lifecycle_transitions" time="0.001" /><testcase classname="tests.engine.test_order_broker" name="test_daily_fill_model_partial_fill" time="0.001" /><testcase classname="tests.engine.test_order_broker" name="test_limit_up_reject_in_broker" time="0.003" /><testcase classname="tests.engine.test_order_broker" name="test_suspension_day_order_rejected" time="0.003" /><testcase classname="tests.engine.test_portfolio_exit_semantics_v1" name="test_fixed_hold_due_does_not_require_future_alpha_signal" time="0.004" /><testcase classname="tests.engine.test_portfolio_exit_semantics_v1" name="test_suspension_sell_remains_pending_and_retries_until_fill" time="0.005" /><testcase classname="tests.engine.test_portfolio_exit_semantics_v1" name="test_limit_down_sell_remains_pending_and_retries_until_fill" time="0.005" /><testcase classname="tests.engine.test_portfolio_exit_semantics_v1" name="test_structure_invalidation_is_early_but_ceiling_is_preserved" time="0.001" /><testcase classname="tests.engine.test_portfolio_exit_semantics_v1" name="test_fifo_reentry_keeps_each_lot_due_session" time="0.006" /><testcase classname="tests.engine.test_portfolio_exit_semantics_v1" name="test_t_plus_one_blocks_same_session_exit_but_allows_next_session" time="0.003" /><testcase classname="tests.engine.test_portfolio_exit_semantics_v1" name="test_exit_state_is_portfolio_local" time="0.005" /><testcase classname="tests.engine.test_universe" name="test_universe_is_eligible_snapshot" time="0.001" /><testcase classname="tests.engine.test_universe" name="test_risk_universe_gate_rejects_non_member" time="0.003" /><testcase classname="tests.golden.test_golden_scenarios" name="test_scenario_a_daily_close_signal_next_session_open_buy" time="0.141" /><testcase classname="tests.golden.test_golden_scenarios" name="test_scenario_b_5min_signal_next_bar_execution" time="0.117" /><testcase classname="tests.golden.test_golden_scenarios" name="test_scenario_c_day1_buy_day1_sell_t1_reject" time="0.121" /><testcase classname="tests.golden.test_golden_scenarios" name="test_scenario_d_two_lots_day2_sellable_qty" time="0.001" /><testcase classname="tests.golden.test_golden_scenarios" name="test_scenario_e_stale_sell_order_not_sell_new_position" time="0.003" /><testcase classname="tests.golden.test_golden_scenarios" name="test_scenario_f_limit_and_suspension" time="0.001" /><testcase classname="tests.golden.test_golden_scenarios" name="test_scenario_g_fees_min_commission_stamp_and_slippage" time="0.001" /><testcase classname="tests.golden.test_golden_scenarios" name="test_scenario_h_corporate_action_unsupported_flagged" time="0.001" /><testcase classname="tests.lookahead.test_daily_fill_volume" name="test_daily_open_fill_does_not_depend_on_future_daily_volume" time="0.004" /><testcase classname="tests.lookahead.test_lookahead" name="test_index_filter_no_same_day_close_leakage" time="0.002" /><testcase classname="tests.lookahead.test_lookahead" name="test_asof_guard_raises_on_future_read" time="0.001" /><testcase classname="tests.lookahead.test_lookahead" name="test_future_truncation_feature_history_unchanged" time="0.002" /><testcase classname="tests.lookahead.test_lookahead" name="test_clock_daily_event_order" time="0.001" /><testcase classname="tests.lookahead.test_lookahead" name="test_clock_5min_events" time="0.001" /><testcase classname="tests.regression.test_legacy_adapter" name="test_legacy_signal_adapter_maps_to_next_session_open" time="0.001" /><testcase classname="tests.regression.test_legacy_adapter" name="test_engine_determinism_same_inputs_same_outputs" time="0.223" /></testsuite></testsuites>