<?xml version="1.0" encoding="utf-8"?><testsuites name="pytest tests"><testsuite name="pytest" errors="0" failures="0" skipped="3" tests="520" time="70.180" timestamp="2026-09-23T12:33:08.879820+08:00" hostname="redacted"><testcase classname="tests.indicators_v2.test_indicator_families_v2" name="test_ma_hand_computed" time="0.004" /><testcase classname="tests.indicators_v2.test_indicator_families_v2" name="test_sma_tdx_hand_computed_and_differs_from_arithmetic" time="0.003" /><testcase classname="tests.indicators_v2.test_indicator_families_v2" name="test_ema_and_rma_have_different_initialisation" time="0.002" /><testcase classname="tests.indicators_v2.test_indicator_families_v2" name="test_bollinger_hand_computed_ddof_zero_default" time="0.006" /><testcase classname="tests.indicators_v2.test_indicator_families_v2" name="test_williams_r_zero_to_hundred_and_not_negative" time="0.009" /><testcase classname="tests.indicators_v2.test_indicator_families_v2" name="test_obv_hand_computed" time="0.001" /><testcase classname="tests.indicators_v2.test_indicator_families_v2" name="test_streak_hand_computed" time="0.001" /><testcase classname="tests.indicators_v2.test_indicator_families_v2" name="test_hlc3_hand_computed" time="0.001" /><testcase classname="tests.indicators_v2.test_indicator_families_v2" name="test_ma_matches_oracle[flat]" time="0.138" /><testcase classname="tests.indicators_v2.test_indicator_families_v2" name="test_ma_matches_oracle[up]" time="0.004" /><testcase classname="tests.indicators_v2.test_indicator_families_v2" name="test_ma_matches_oracle[down]" time="0.003" /><testcase classname="tests.indicators_v2.test_indicator_families_v2" name="test_ma_matches_oracle[roundtrip]" time="0.004" /><testcase classname="tests.indicators_v2.test_indicator_families_v2" name="test_ma_matches_oracle[jump]" time="0.004" /><testcase classname="tests.indicators_v2.test_indicator_families_v2" name="test_ema_wma_rma_match_oracle[flat]" time="0.003" /><testcase classname="tests.indicators_v2.test_indicator_families_v2" name="test_ema_wma_rma_match_oracle[up]" time="0.003" /><testcase classname="tests.indicators_v2.test_indicator_families_v2" name="test_ema_wma_rma_match_oracle[down]" time="0.004" /><testcase classname="tests.indicators_v2.test_indicator_families_v2" name="test_ema_wma_rma_match_oracle[roundtrip]" time="0.003" /><testcase classname="tests.indicators_v2.test_indicator_families_v2" name="test_rsi_matches_oracle[flat]" time="0.002" /><testcase classname="tests.indicators_v2.test_indicator_families_v2" name="test_rsi_matches_oracle[up]" time="0.002" /><testcase classname="tests.indicators_v2.test_indicator_families_v2" name="test_rsi_matches_oracle[down]" time="0.002" /><testcase classname="tests.indicators_v2.test_indicator_families_v2" name="test_rsi_matches_oracle[roundtrip]" time="0.003" /><testcase classname="tests.indicators_v2.test_indicator_families_v2" name="test_williams_r_matches_oracle[up]" time="0.005" /><testcase classname="tests.indicators_v2.test_indicator_families_v2" name="test_williams_r_matches_oracle[down]" time="0.005" /><testcase classname="tests.indicators_v2.test_indicator_families_v2" name="test_williams_r_matches_oracle[roundtrip]" time="0.004" /><testcase classname="tests.indicators_v2.test_indicator_families_v2" name="test_bollinger_matches_oracle[0]" time="0.006" /><testcase classname="tests.indicators_v2.test_indicator_families_v2" name="test_bollinger_matches_oracle[1]" time="0.006" /><testcase classname="tests.indicators_v2.test_indicator_families_v2" name="test_atr_matches_oracle" time="0.003" /><testcase classname="tests.indicators_v2.test_indicator_families_v2" name="test_obv_roc_mtm_bias_match_oracle" time="0.005" /><testcase classname="tests.indicators_v2.test_indicator_families_v2" name="test_hlc3_slope_zscore_shape_match_oracle" time="0.006" /><testcase classname="tests.indicators_v2.test_indicator_families_v2" name="test_streak_matches_oracle" time="0.003" /><testcase classname="tests.indicators_v2.test_indicator_families_v2" name="test_dmi_and_sar_match_independent_oracle" time="0.005" /><testcase classname="tests.indicators_v2.test_indicator_families_v2" name="test_dmi_adx_reacts_to_trend_strength" time="0.008" /><testcase classname="tests.indicators_v2.test_indicator_families_v2" name="test_parameters_actually_take_effect" time="0.009" /><testcase classname="tests.indicators_v2.test_indicator_families_v2" name="test_invalid_parameters_rejected" time="0.002" /><testcase classname="tests.indicators_v2.test_indicator_families_v2" name="test_constant_series_edge_cases" time="0.007" /><testcase classname="tests.indicators_v2.test_indicator_families_v2" name="test_short_data_and_insufficient_warmup" time="0.005" /><testcase classname="tests.indicators_v2.test_indicator_families_v2" name="test_nan_and_invalid_price_break_segment" time="0.003" /><testcase classname="tests.indicators_v2.test_indicator_families_v2" name="test_zero_or_negative_price_is_invalid" time="0.002" /><testcase classname="tests.indicators_v2.test_indicator_families_v2" name="test_negative_inf_not_accepted" time="0.002" /><testcase classname="tests.indicators_v2.test_indicator_families_v2" name="test_prefix_matches_batch[ma_arithmetic-params0]" time="0.006" /><testcase classname="tests.indicators_v2.test_indicator_families_v2" name="test_prefix_matches_batch[ema-params1]" time="0.004" /><testcase classname="tests.indicators_v2.test_indicator_families_v2" name="test_prefix_matches_batch[rsi-params2]" time="0.004" /><testcase classname="tests.indicators_v2.test_indicator_families_v2" name="test_prefix_matches_batch[bollinger-params3]" time="0.008" /><testcase classname="tests.indicators_v2.test_indicator_families_v2" name="test_prefix_matches_batch[atr-params4]" time="0.004" /><testcase classname="tests.indicators_v2.test_indicator_families_v2" name="test_prefix_matches_batch[obv-params5]" time="0.004" /><testcase classname="tests.indicators_v2.test_indicator_families_v2" name="test_appending_future_does_not_change_past[ma_arithmetic-params0]" time="0.006" /><testcase classname="tests.indicators_v2.test_indicator_families_v2" name="test_appending_future_does_not_change_past[rsi-params1]" time="0.004" /><testcase classname="tests.indicators_v2.test_indicator_families_v2" name="test_appending_future_does_not_change_past[bollinger-params2]" time="0.008" /><testcase classname="tests.indicators_v2.test_indicator_families_v2" name="test_appending_future_does_not_change_past[atr-params3]" time="0.005" /><testcase classname="tests.indicators_v2.test_indicator_families_v2" name="test_appending_future_does_not_change_past[obv-params4]" time="0.004" /><testcase classname="tests.indicators_v2.test_indicator_families_v2" name="test_appending_future_does_not_change_past[dmi_adx-params5]" time="0.005" /><testcase classname="tests.indicators_v2.test_indicator_families_v2" name="test_multi_symbol_isolation_through_registry" time="0.005" /><testcase classname="tests.indicators_v2.test_indicator_families_v2" name="test_multi_output_names_are_stable_and_explicit" time="0.007" /><testcase classname="tests.indicators_v2.test_indicator_families_v2" name="test_turnover_rate_requires_extra_data_and_refuses_substitutes" time="0.003" /><testcase classname="tests.indicators_v2.test_indicator_families_v2" name="test_registry_rejects_unknown_and_invalid_requests" time="0.002" /><testcase classname="tests.indicators_v2.test_indicator_families_v2" name="test_registry_aliases_resolve_to_same_contract" time="0.001" /><testcase classname="tests.indicators_v2.test_indicator_families_v2" name="test_explicit_version_is_honoured_and_unknown_version_rejected" time="0.002" /><testcase classname="tests.indicators_v2.test_indicator_families_v2" name="test_registry_snapshot_has_required_contract_fields" time="0.001" /><testcase classname="tests.indicators_v2.test_price_only_formula_increment_v1" name="test_dema_matches_oracle[5-flat]" time="0.004" /><testcase classname="tests.indicators_v2.test_price_only_formula_increment_v1" name="test_dema_matches_oracle[5-up]" time="0.004" /><testcase classname="tests.indicators_v2.test_price_only_formula_increment_v1" name="test_dema_matches_oracle[5-down]" time="0.004" /><testcase classname="tests.indicators_v2.test_price_only_formula_increment_v1" name="test_dema_matches_oracle[5-osc]" time="0.004" /><testcase classname="tests.indicators_v2.test_price_only_formula_increment_v1" name="test_dema_matches_oracle[5-jump]" time="0.004" /><testcase classname="tests.indicators_v2.test_price_only_formula_increment_v1" name="test_dema_matches_oracle[20-flat]" time="0.004" /><testcase classname="tests.indicators_v2.test_price_only_formula_increment_v1" name="test_dema_matches_oracle[20-up]" time="0.003" /><testcase classname="tests.indicators_v2.test_price_only_formula_increment_v1" name="test_dema_matches_oracle[20-down]" time="0.004" /><testcase classname="tests.indicators_v2.test_price_only_formula_increment_v1" name="test_dema_matches_oracle[20-osc]" time="0.004" /><testcase classname="tests.indicators_v2.test_price_only_formula_increment_v1" name="test_dema_matches_oracle[20-jump]" time="0.004" /><testcase classname="tests.indicators_v2.test_price_only_formula_increment_v1" name="test_tema_matches_oracle[5-flat]" time="0.004" /><testcase classname="tests.indicators_v2.test_price_only_formula_increment_v1" name="test_tema_matches_oracle[5-up]" time="0.004" /><testcase classname="tests.indicators_v2.test_price_only_formula_increment_v1" name="test_tema_matches_oracle[5-down]" time="0.004" /><testcase classname="tests.indicators_v2.test_price_only_formula_increment_v1" name="test_tema_matches_oracle[5-osc]" time="0.005" /><testcase classname="tests.indicators_v2.test_price_only_formula_increment_v1" name="test_tema_matches_oracle[5-jump]" time="0.004" /><testcase classname="tests.indicators_v2.test_price_only_formula_increment_v1" name="test_tema_matches_oracle[20-flat]" time="0.004" /><testcase classname="tests.indicators_v2.test_price_only_formula_increment_v1" name="test_tema_matches_oracle[20-up]" time="0.004" /><testcase classname="tests.indicators_v2.test_price_only_formula_increment_v1" name="test_tema_matches_oracle[20-down]" time="0.004" /><testcase classname="tests.indicators_v2.test_price_only_formula_increment_v1" name="test_tema_matches_oracle[20-osc]" time="0.004" /><testcase classname="tests.indicators_v2.test_price_only_formula_increment_v1" name="test_tema_matches_oracle[20-jump]" time="0.004" /><testcase classname="tests.indicators_v2.test_price_only_formula_increment_v1" name="test_cci_matches_oracle[14-flat]" time="0.006" /><testcase classname="tests.indicators_v2.test_price_only_formula_increment_v1" name="test_cci_matches_oracle[14-up]" time="0.006" /><testcase classname="tests.indicators_v2.test_price_only_formula_increment_v1" name="test_cci_matches_oracle[14-down]" time="0.006" /><testcase classname="tests.indicators_v2.test_price_only_formula_increment_v1" name="test_cci_matches_oracle[14-osc]" time="0.006" /><testcase classname="tests.indicators_v2.test_price_only_formula_increment_v1" name="test_cci_matches_oracle[14-jump]" time="0.006" /><testcase classname="tests.indicators_v2.test_price_only_formula_increment_v1" name="test_cci_matches_oracle[20-flat]" time="0.005" /><testcase classname="tests.indicators_v2.test_price_only_formula_increment_v1" name="test_cci_matches_oracle[20-up]" time="0.006" /><testcase classname="tests.indicators_v2.test_price_only_formula_increment_v1" name="test_cci_matches_oracle[20-down]" time="0.006" /><testcase classname="tests.indicators_v2.test_price_only_formula_increment_v1" name="test_cci_matches_oracle[20-osc]" time="0.006" /><testcase classname="tests.indicators_v2.test_price_only_formula_increment_v1" name="test_cci_matches_oracle[20-jump]" time="0.005" /><testcase classname="tests.indicators_v2.test_price_only_formula_increment_v1" name="test_true_range_matches_oracle[flat]" time="0.003" /><testcase classname="tests.indicators_v2.test_price_only_formula_increment_v1" name="test_true_range_matches_oracle[up]" time="0.003" /><testcase classname="tests.indicators_v2.test_price_only_formula_increment_v1" name="test_true_range_matches_oracle[down]" time="0.003" /><testcase classname="tests.indicators_v2.test_price_only_formula_increment_v1" name="test_true_range_matches_oracle[osc]" time="0.003" /><testcase classname="tests.indicators_v2.test_price_only_formula_increment_v1" name="test_true_range_matches_oracle[jump]" time="0.003" /><testcase classname="tests.indicators_v2.test_price_only_formula_increment_v1" name="test_natr_matches_oracle[14-flat]" time="0.004" /><testcase classname="tests.indicators_v2.test_price_only_formula_increment_v1" name="test_natr_matches_oracle[14-up]" time="0.004" /><testcase classname="tests.indicators_v2.test_price_only_formula_increment_v1" name="test_natr_matches_oracle[14-down]" time="0.004" /><testcase classname="tests.indicators_v2.test_price_only_formula_increment_v1" name="test_natr_matches_oracle[14-osc]" time="0.004" /><testcase classname="tests.indicators_v2.test_price_only_formula_increment_v1" name="test_natr_matches_oracle[14-jump]" time="0.003" /><testcase classname="tests.indicators_v2.test_price_only_formula_increment_v1" name="test_natr_matches_oracle[20-flat]" time="0.004" /><testcase classname="tests.indicators_v2.test_price_only_formula_increment_v1" name="test_natr_matches_oracle[20-up]" time="0.004" /><testcase classname="tests.indicators_v2.test_price_only_formula_increment_v1" name="test_natr_matches_oracle[20-down]" time="0.004" /><testcase classname="tests.indicators_v2.test_price_only_formula_increment_v1" name="test_natr_matches_oracle[20-osc]" time="0.004" /><testcase classname="tests.indicators_v2.test_price_only_formula_increment_v1" name="test_natr_matches_oracle[20-jump]" time="0.004" /><testcase classname="tests.indicators_v2.test_price_only_formula_increment_v1" name="test_psy_matches_oracle[12-flat]" time="0.006" /><testcase classname="tests.indicators_v2.test_price_only_formula_increment_v1" name="test_psy_matches_oracle[12-up]" time="0.005" /><testcase classname="tests.indicators_v2.test_price_only_formula_increment_v1" name="test_psy_matches_oracle[12-down]" time="0.005" /><testcase classname="tests.indicators_v2.test_price_only_formula_increment_v1" name="test_psy_matches_oracle[12-osc]" time="0.005" /><testcase classname="tests.indicators_v2.test_price_only_formula_increment_v1" name="test_psy_matches_oracle[12-jump]" time="0.005" /><testcase classname="tests.indicators_v2.test_price_only_formula_increment_v1" name="test_psy_matches_oracle[6-flat]" time="0.005" /><testcase classname="tests.indicators_v2.test_price_only_formula_increment_v1" name="test_psy_matches_oracle[6-up]" time="0.005" /><testcase classname="tests.indicators_v2.test_price_only_formula_increment_v1" name="test_psy_matches_oracle[6-down]" time="0.005" /><testcase classname="tests.indicators_v2.test_price_only_formula_increment_v1" name="test_psy_matches_oracle[6-osc]" time="0.007" /><testcase classname="tests.indicators_v2.test_price_only_formula_increment_v1" name="test_psy_matches_oracle[6-jump]" time="0.005" /><testcase classname="tests.indicators_v2.test_price_only_formula_increment_v1" name="test_psy_is_not_constant_one_hundred" time="0.005" /><testcase classname="tests.indicators_v2.test_price_only_formula_increment_v1" name="test_psy_monotonic_up_is_one_hundred" time="0.004" /><testcase classname="tests.indicators_v2.test_price_only_formula_increment_v1" name="test_donchian_matches_oracle[20-flat]" time="0.005" /><testcase classname="tests.indicators_v2.test_price_only_formula_increment_v1" name="test_donchian_matches_oracle[20-up]" time="0.006" /><testcase classname="tests.indicators_v2.test_price_only_formula_increment_v1" name="test_donchian_matches_oracle[20-down]" time="0.006" /><testcase classname="tests.indicators_v2.test_price_only_formula_increment_v1" name="test_donchian_matches_oracle[20-osc]" time="0.006" /><testcase classname="tests.indicators_v2.test_price_only_formula_increment_v1" name="test_donchian_matches_oracle[20-jump]" time="0.007" /><testcase classname="tests.indicators_v2.test_price_only_formula_increment_v1" name="test_donchian_matches_oracle[10-flat]" time="0.008" /><testcase classname="tests.indicators_v2.test_price_only_formula_increment_v1" name="test_donchian_matches_oracle[10-up]" time="0.008" /><testcase classname="tests.indicators_v2.test_price_only_formula_increment_v1" name="test_donchian_matches_oracle[10-down]" time="0.011" /><testcase classname="tests.indicators_v2.test_price_only_formula_increment_v1" name="test_donchian_matches_oracle[10-osc]" time="0.006" /><testcase classname="tests.indicators_v2.test_price_only_formula_increment_v1" name="test_donchian_matches_oracle[10-jump]" time="0.006" /><testcase classname="tests.indicators_v2.test_price_only_formula_increment_v1" name="test_donchian_shift_excludes_current_bar" time="0.009" /><testcase classname="tests.indicators_v2.test_price_only_formula_increment_v1" name="test_rolling_volatility_matches_oracle[20-osc]" time="0.007" /><testcase classname="tests.indicators_v2.test_price_only_formula_increment_v1" name="test_rolling_volatility_matches_oracle[20-jump]" time="0.006" /><testcase classname="tests.indicators_v2.test_price_only_formula_increment_v1" name="test_rolling_volatility_matches_oracle[20-up]" time="0.006" /><testcase classname="tests.indicators_v2.test_price_only_formula_increment_v1" name="test_rolling_volatility_matches_oracle[10-osc]" time="0.007" /><testcase classname="tests.indicators_v2.test_price_only_formula_increment_v1" name="test_rolling_volatility_matches_oracle[10-jump]" time="0.007" /><testcase classname="tests.indicators_v2.test_price_only_formula_increment_v1" name="test_rolling_volatility_matches_oracle[10-up]" time="0.007" /><testcase classname="tests.indicators_v2.test_price_only_formula_increment_v1" name="test_historical_return_matches_oracle[20-flat]" time="0.003" /><testcase classname="tests.indicators_v2.test_price_only_formula_increment_v1" name="test_historical_return_matches_oracle[20-up]" time="0.003" /><testcase classname="tests.indicators_v2.test_price_only_formula_increment_v1" name="test_historical_return_matches_oracle[20-down]" time="0.003" /><testcase classname="tests.indicators_v2.test_price_only_formula_increment_v1" name="test_historical_return_matches_oracle[20-osc]" time="0.003" /><testcase classname="tests.indicators_v2.test_price_only_formula_increment_v1" name="test_historical_return_matches_oracle[20-jump]" time="0.003" /><testcase classname="tests.indicators_v2.test_price_only_formula_increment_v1" name="test_historical_return_matches_oracle[5-flat]" time="0.003" /><testcase classname="tests.indicators_v2.test_price_only_formula_increment_v1" name="test_historical_return_matches_oracle[5-up]" time="0.004" /><testcase classname="tests.indicators_v2.test_price_only_formula_increment_v1" name="test_historical_return_matches_oracle[5-down]" time="0.003" /><testcase classname="tests.indicators_v2.test_price_only_formula_increment_v1" name="test_historical_return_matches_oracle[5-osc]" time="0.003" /><testcase classname="tests.indicators_v2.test_price_only_formula_increment_v1" name="test_historical_return_matches_oracle[5-jump]" time="0.003" /><testcase classname="tests.indicators_v2.test_price_only_formula_increment_v1" name="test_price_extremes_matches_oracle[20-flat]" time="0.005" /><testcase classname="tests.indicators_v2.test_price_only_formula_increment_v1" name="test_price_extremes_matches_oracle[20-up]" time="0.005" /><testcase classname="tests.indicators_v2.test_price_only_formula_increment_v1" name="test_price_extremes_matches_oracle[20-down]" time="0.006" /><testcase classname="tests.indicators_v2.test_price_only_formula_increment_v1" name="test_price_extremes_matches_oracle[20-osc]" time="0.005" /><testcase classname="tests.indicators_v2.test_price_only_formula_increment_v1" name="test_price_extremes_matches_oracle[20-jump]" time="0.006" /><testcase classname="tests.indicators_v2.test_price_only_formula_increment_v1" name="test_price_extremes_matches_oracle[10-flat]" time="0.005" /><testcase classname="tests.indicators_v2.test_price_only_formula_increment_v1" name="test_price_extremes_matches_oracle[10-up]" time="0.006" /><testcase classname="tests.indicators_v2.test_price_only_formula_increment_v1" name="test_price_extremes_matches_oracle[10-down]" time="0.006" /><testcase classname="tests.indicators_v2.test_price_only_formula_increment_v1" name="test_price_extremes_matches_oracle[10-osc]" time="0.006" /><testcase classname="tests.indicators_v2.test_price_only_formula_increment_v1" name="test_price_extremes_matches_oracle[10-jump]" time="0.005" /><testcase classname="tests.indicators_v2.test_price_only_formula_increment_v1" name="test_prior_breakout_matches_oracle[20-flat]" time="0.006" /><testcase classname="tests.indicators_v2.test_price_only_formula_increment_v1" name="test_prior_breakout_matches_oracle[20-up]" time="0.005" /><testcase classname="tests.indicators_v2.test_price_only_formula_increment_v1" name="test_prior_breakout_matches_oracle[20-down]" time="0.005" /><testcase classname="tests.indicators_v2.test_price_only_formula_increment_v1" name="test_prior_breakout_matches_oracle[20-osc]" time="0.007" /><testcase classname="tests.indicators_v2.test_price_only_formula_increment_v1" name="test_prior_breakout_matches_oracle[20-jump]" time="0.005" /><testcase classname="tests.indicators_v2.test_price_only_formula_increment_v1" name="test_prior_breakout_matches_oracle[10-flat]" time="0.007" /><testcase classname="tests.indicators_v2.test_price_only_formula_increment_v1" name="test_prior_breakout_matches_oracle[10-up]" time="0.006" /><testcase classname="tests.indicators_v2.test_price_only_formula_increment_v1" name="test_prior_breakout_matches_oracle[10-down]" time="0.006" /><testcase classname="tests.indicators_v2.test_price_only_formula_increment_v1" name="test_prior_breakout_matches_oracle[10-osc]" time="0.007" /><testcase classname="tests.indicators_v2.test_price_only_formula_increment_v1" name="test_prior_breakout_matches_oracle[10-jump]" time="0.006" /><testcase classname="tests.indicators_v2.test_price_only_formula_increment_v1" name="test_drawdown_from_peak_matches_oracle[60-flat]" time="0.008" /><testcase classname="tests.indicators_v2.test_price_only_formula_increment_v1" name="test_drawdown_from_peak_matches_oracle[60-up]" time="0.006" /><testcase classname="tests.indicators_v2.test_price_only_formula_increment_v1" name="test_drawdown_from_peak_matches_oracle[60-down]" time="0.006" /><testcase classname="tests.indicators_v2.test_price_only_formula_increment_v1" name="test_drawdown_from_peak_matches_oracle[60-osc]" time="0.005" /><testcase classname="tests.indicators_v2.test_price_only_formula_increment_v1" name="test_drawdown_from_peak_matches_oracle[60-jump]" time="0.005" /><testcase classname="tests.indicators_v2.test_price_only_formula_increment_v1" name="test_drawdown_from_peak_matches_oracle[20-flat]" time="0.006" /><testcase classname="tests.indicators_v2.test_price_only_formula_increment_v1" name="test_drawdown_from_peak_matches_oracle[20-up]" time="0.005" /><testcase classname="tests.indicators_v2.test_price_only_formula_increment_v1" name="test_drawdown_from_peak_matches_oracle[20-down]" time="0.007" /><testcase classname="tests.indicators_v2.test_price_only_formula_increment_v1" name="test_drawdown_from_peak_matches_oracle[20-osc]" time="0.006" /><testcase classname="tests.indicators_v2.test_price_only_formula_increment_v1" name="test_drawdown_from_peak_matches_oracle[20-jump]" time="0.006" /><testcase classname="tests.indicators_v2.test_price_only_formula_increment_v1" name="test_macd_hist_raw_matches_oracle[flat]" time="0.005" /><testcase classname="tests.indicators_v2.test_price_only_formula_increment_v1" name="test_macd_hist_raw_matches_oracle[up]" time="0.005" /><testcase classname="tests.indicators_v2.test_price_only_formula_increment_v1" name="test_macd_hist_raw_matches_oracle[down]" time="0.005" /><testcase classname="tests.indicators_v2.test_price_only_formula_increment_v1" name="test_macd_hist_raw_matches_oracle[osc]" time="0.006" /><testcase classname="tests.indicators_v2.test_price_only_formula_increment_v1" name="test_macd_hist_raw_matches_oracle[jump]" time="0.005" /><testcase classname="tests.indicators_v2.test_price_only_formula_increment_v1" name="test_macd_hist_raw_is_half_of_macd_hist" time="0.009" /><testcase classname="tests.indicators_v2.test_price_only_formula_increment_v1" name="test_trix_matches_oracle[12-flat]" time="0.006" /><testcase classname="tests.indicators_v2.test_price_only_formula_increment_v1" name="test_trix_matches_oracle[12-up]" time="0.007" /><testcase classname="tests.indicators_v2.test_price_only_formula_increment_v1" name="test_trix_matches_oracle[12-down]" time="0.007" /><testcase classname="tests.indicators_v2.test_price_only_formula_increment_v1" name="test_trix_matches_oracle[12-osc]" time="0.007" /><testcase classname="tests.indicators_v2.test_price_only_formula_increment_v1" name="test_trix_matches_oracle[12-jump]" time="0.006" /><testcase classname="tests.indicators_v2.test_price_only_formula_increment_v1" name="test_trix_matches_oracle[6-flat]" time="0.006" /><testcase classname="tests.indicators_v2.test_price_only_formula_increment_v1" name="test_trix_matches_oracle[6-up]" time="0.007" /><testcase classname="tests.indicators_v2.test_price_only_formula_increment_v1" name="test_trix_matches_oracle[6-down]" time="0.007" /><testcase classname="tests.indicators_v2.test_price_only_formula_increment_v1" name="test_trix_matches_oracle[6-osc]" time="0.007" /><testcase classname="tests.indicators_v2.test_price_only_formula_increment_v1" name="test_trix_matches_oracle[6-jump]" time="0.006" /><testcase classname="tests.indicators_v2.test_price_only_formula_increment_v1" name="test_keltner_matches_oracle[flat]" time="0.005" /><testcase classname="tests.indicators_v2.test_price_only_formula_increment_v1" name="test_keltner_matches_oracle[up]" time="0.006" /><testcase classname="tests.indicators_v2.test_price_only_formula_increment_v1" name="test_keltner_matches_oracle[down]" time="0.005" /><testcase classname="tests.indicators_v2.test_price_only_formula_increment_v1" name="test_keltner_matches_oracle[osc]" time="0.004" /><testcase classname="tests.indicators_v2.test_price_only_formula_increment_v1" name="test_keltner_matches_oracle[jump]" time="0.004" /><testcase classname="tests.indicators_v2.test_price_only_formula_increment_v1" name="test_volume_ma_and_amount_ma_match_oracle[20]" time="0.012" /><testcase classname="tests.indicators_v2.test_price_only_formula_increment_v1" name="test_volume_ma_and_amount_ma_match_oracle[5]" time="0.009" /><testcase classname="tests.indicators_v2.test_price_only_formula_increment_v1" name="test_rvol_variants_match_oracle_and_differ[20]" time="0.008" /><testcase classname="tests.indicators_v2.test_price_only_formula_increment_v1" name="test_rvol_variants_match_oracle_and_differ[5]" time="0.010" /><testcase classname="tests.indicators_v2.test_price_only_formula_increment_v1" name="test_accumulation_distribution_and_chaikin_and_pvt_match_oracle" time="0.010" /><testcase classname="tests.indicators_v2.test_price_only_formula_increment_v1" name="test_vwap_proxy_and_mfi_match_oracle" time="0.009" /><testcase classname="tests.indicators_v2.test_price_only_formula_increment_v1" name="test_rolling_slope_matches_oracle" time="0.006" /><testcase classname="tests.indicators_v2.test_price_only_formula_increment_v1" name="test_edge_shapes_do_not_raise_and_stay_finite_or_nan[flat]" time="0.019" /><testcase classname="tests.indicators_v2.test_price_only_formula_increment_v1" name="test_edge_shapes_do_not_raise_and_stay_finite_or_nan[up]" time="0.019" /><testcase classname="tests.indicators_v2.test_price_only_formula_increment_v1" name="test_edge_shapes_do_not_raise_and_stay_finite_or_nan[down]" time="0.022" /><testcase classname="tests.indicators_v2.test_price_only_formula_increment_v1" name="test_edge_shapes_do_not_raise_and_stay_finite_or_nan[osc]" time="0.020" /><testcase classname="tests.indicators_v2.test_price_only_formula_increment_v1" name="test_edge_shapes_do_not_raise_and_stay_finite_or_nan[jump]" time="0.018" /><testcase classname="tests.indicators_v2.test_price_only_formula_increment_v1" name="test_edge_shapes_do_not_raise_and_stay_finite_or_nan[gap]" time="0.024" /><testcase classname="tests.indicators_v2.test_price_only_formula_increment_v1" name="test_edge_shapes_do_not_raise_and_stay_finite_or_nan[nonfinite]" time="0.020" /><testcase classname="tests.indicators_v2.test_price_only_formula_increment_v1" name="test_nonfinite_input_fails_closed" time="0.009" /><testcase classname="tests.indicators_v2.test_price_only_formula_increment_v1" name="test_zero_volume_does_not_produce_inf" time="0.013" /><testcase classname="tests.indicators_v2.test_price_only_formula_increment_v1" name="test_short_series_below_warmup_is_not_ready" time="0.005" /><testcase classname="tests.indicators_v2.test_price_only_formula_increment_v1" name="test_appending_future_does_not_change_past[flat]" time="0.034" /><testcase classname="tests.indicators_v2.test_price_only_formula_increment_v1" name="test_appending_future_does_not_change_past[up]" time="0.032" /><testcase classname="tests.indicators_v2.test_price_only_formula_increment_v1" name="test_appending_future_does_not_change_past[down]" time="0.031" /><testcase classname="tests.indicators_v2.test_price_only_formula_increment_v1" name="test_appending_future_does_not_change_past[osc]" time="0.031" /><testcase classname="tests.indicators_v2.test_price_only_formula_increment_v1" name="test_appending_future_does_not_change_past[jump]" time="0.032" /><testcase classname="tests.indicators_v2.test_price_only_formula_increment_v1" name="test_wilder_rma_oracle_reseeds_after_gap" time="0.001" /><testcase classname="tests.indicators_v2.test_price_only_formula_increment_v1" name="test_natr_and_keltner_match_oracle_across_gaps[gap]" time="0.006" /><testcase classname="tests.indicators_v2.test_price_only_formula_increment_v1" name="test_natr_and_keltner_match_oracle_across_gaps[nonfinite]" time="0.007" /><testcase classname="tests.indicators_v2.test_price_only_formula_increment_v1" name="test_natr_normal_control_without_gaps" time="0.004" /><testcase classname="tests.indicators_v2.test_price_only_formula_increment_v1" name="test_gap_breaks_segment_and_does_not_backfill" time="0.005" /><testcase classname="tests.conditions_v2.test_condition_layer_v2" name="test_not_unknown_stays_unknown" time="0.001" /><testcase classname="tests.conditions_v2.test_condition_layer_v2" name="test_and_truth_table" time="0.002" /><testcase classname="tests.conditions_v2.test_condition_layer_v2" name="test_or_truth_table" time="0.002" /><testcase classname="tests.conditions_v2.test_condition_layer_v2" name="test_unknown_never_becomes_eligible" time="0.001" /><testcase classname="tests.conditions_v2.test_condition_layer_v2" name="test_nan_comparison_yields_unknown_not_true" time="0.003" /><testcase classname="tests.conditions_v2.test_condition_layer_v2" name="test_comparison_and_logic_combination" time="0.002" /><testcase classname="tests.conditions_v2.test_condition_layer_v2" name="test_cross_requires_adjacent_valid_observations" time="0.001" /><testcase classname="tests.conditions_v2.test_condition_layer_v2" name="test_cross_down_positive_case" time="0.001" /><testcase classname="tests.conditions_v2.test_condition_layer_v2" name="test_cross_does_not_bridge_gap" time="0.001" /><testcase classname="tests.conditions_v2.test_condition_layer_v2" name="test_above_below_and_between" time="0.003" /><testcase classname="tests.conditions_v2.test_condition_layer_v2" name="test_every_and_exist_semantics" time="0.002" /><testcase classname="tests.conditions_v2.test_condition_layer_v2" name="test_every_unknown_when_no_false_but_unknown_present" time="0.001" /><testcase classname="tests.conditions_v2.test_condition_layer_v2" name="test_barslast_counts_since_last_true" time="0.001" /><testcase classname="tests.conditions_v2.test_condition_layer_v2" name="test_unknown_operator_rejected" time="0.001" /><testcase classname="tests.conditions_v2.test_condition_layer_v2" name="test_negative_lag_rejected" time="0.000" /><testcase classname="tests.conditions_v2.test_condition_layer_v2" name="test_centered_window_rejected" time="0.001" /><testcase classname="tests.conditions_v2.test_condition_layer_v2" name="test_depth_limit_enforced" time="0.001" /><testcase classname="tests.conditions_v2.test_condition_layer_v2" name="test_node_limit_enforced" time="0.001" /><testcase classname="tests.conditions_v2.test_condition_layer_v2" name="test_expression_layer_does_not_use_eval_or_exec" time="0.009" /><testcase classname="tests.conditions_v2.test_condition_layer_v2" name="test_missing_indicator_output_rejected" time="0.001" /><testcase classname="tests.conditions_v2.test_condition_layer_v2" name="test_missing_field_rejected" time="0.001" /><testcase classname="tests.conditions_v2.test_condition_layer_v2" name="test_unready_indicator_output_is_unknown" time="0.002" /><testcase classname="tests.conditions_v2.test_condition_layer_v2" name="test_cross_sectional_requires_view" time="0.001" /><testcase classname="tests.conditions_v2.test_condition_layer_v2" name="test_cross_sectional_top_n_stable_tie_break" time="0.005" /><testcase classname="tests.conditions_v2.test_condition_layer_v2" name="test_cross_sectional_percentile_ranks_within_bar_only" time="0.002" /><testcase classname="tests.conditions_v2.test_condition_layer_v2" name="test_condition_consumes_registry_outputs_end_to_end" time="0.005" /><testcase classname="tests.conditions_v2.test_price_only_condition_consumption_v1" name="test_condition_layer_consumes_cci_output_with_true_false_unknown" time="0.002" /><testcase classname="tests.conditions_v2.test_price_only_condition_consumption_v1" name="test_condition_layer_consumes_natr_output" time="0.002" /><testcase classname="tests.conditions_v2.test_price_only_condition_consumption_v1" name="test_condition_layer_consumes_psy_output" time="0.002" /><testcase classname="tests.conditions_v2.test_price_only_condition_consumption_v1" name="test_condition_layer_consumes_each_new_indicator[DEMA-dema-10.0]" time="0.002" /><testcase classname="tests.conditions_v2.test_price_only_condition_consumption_v1" name="test_condition_layer_consumes_each_new_indicator[TEMA-tema-10.0]" time="0.002" /><testcase classname="tests.conditions_v2.test_price_only_condition_consumption_v1" name="test_condition_layer_consumes_each_new_indicator[TRIX-trix-0.5]" time="0.002" /><testcase classname="tests.conditions_v2.test_price_only_condition_consumption_v1" name="test_condition_layer_consumes_each_new_indicator[KELTNER-upper-10.0]" time="0.002" /><testcase classname="tests.conditions_v2.test_price_only_condition_consumption_v1" name="test_condition_layer_consumes_each_new_indicator[DONCHIAN-upper-10.0]" time="0.002" /><testcase classname="tests.conditions_v2.test_price_only_condition_consumption_v1" name="test_condition_layer_consumes_each_new_indicator[PRICE_EXTREMES-hhv-10.0]" time="0.002" /><testcase classname="tests.conditions_v2.test_price_only_condition_consumption_v1" name="test_condition_layer_consumes_each_new_indicator[HISTORICAL_RETURN-return-0.5]" time="0.002" /><testcase classname="tests.conditions_v2.test_price_only_condition_consumption_v1" name="test_condition_layer_consumes_each_new_indicator[ROLLING_VOLATILITY-volatility-0.01]" time="0.002" /><testcase classname="tests.conditions_v2.test_price_only_condition_consumption_v1" name="test_condition_layer_consumes_each_new_indicator[VOLUME_MA-volume_ma-500000.0]" time="0.002" /><testcase classname="tests.conditions_v2.test_price_only_condition_consumption_v1" name="test_condition_layer_consumes_each_new_indicator[RVOL_PRIOR-rvol-1.0]" time="0.003" /><testcase classname="tests.conditions_v2.test_price_only_condition_consumption_v1" name="test_condition_layer_consumes_each_new_indicator[MFI-mfi-50.0]" time="0.002" /><testcase classname="tests.conditions_v2.test_price_only_condition_consumption_v1" name="test_indicator_reaches_account_chain_through_public_entry[CCI-params0-condition0]" time="0.234" /><testcase classname="tests.conditions_v2.test_price_only_condition_consumption_v1" name="test_indicator_reaches_account_chain_through_public_entry[NATR-params1-condition1]" time="0.235" /><testcase classname="tests.conditions_v2.test_price_only_condition_consumption_v1" name="test_indicator_reaches_account_chain_through_public_entry[PSY-params2-condition2]" time="0.216" /><testcase classname="tests.conditions_v2.test_price_only_condition_consumption_v1" name="test_indicator_reaches_account_chain_through_public_entry[DEMA-params3-condition3]" time="0.215" /><testcase classname="tests.conditions_v2.test_price_only_condition_consumption_v1" name="test_indicator_reaches_account_chain_through_public_entry[TEMA-params4-condition4]" time="0.224" /><testcase classname="tests.conditions_v2.test_price_only_condition_consumption_v1" name="test_indicator_reaches_account_chain_through_public_entry[TRIX-params5-condition5]" time="0.216" /><testcase classname="tests.conditions_v2.test_price_only_condition_consumption_v1" name="test_indicator_reaches_account_chain_through_public_entry[DONCHIAN-params6-condition6]" time="0.249" /><testcase classname="tests.conditions_v2.test_price_only_condition_consumption_v1" name="test_indicator_reaches_account_chain_through_public_entry[KELTNER-params7-condition7]" time="0.260" /><testcase classname="tests.conditions_v2.test_price_only_condition_consumption_v1" name="test_indicator_reaches_account_chain_through_public_entry[HISTORICAL_RETURN-params8-condition8]" time="0.222" /><testcase classname="tests.conditions_v2.test_price_only_condition_consumption_v1" name="test_indicator_reaches_account_chain_through_public_entry[ROLLING_VOLATILITY-params9-condition9]" time="0.241" /><testcase classname="tests.conditions_v2.test_price_only_condition_consumption_v1" name="test_indicator_reaches_account_chain_through_public_entry[PRICE_EXTREMES-params10-condition10]" time="0.254" /><testcase classname="tests.conditions_v2.test_price_only_condition_consumption_v1" name="test_indicator_reaches_account_chain_through_public_entry[PRIOR_BREAKOUT-params11-condition11]" time="0.256" /><testcase classname="tests.conditions_v2.test_price_only_condition_consumption_v1" name="test_indicator_reaches_account_chain_through_public_entry[VOLUME_MA-params12-condition12]" time="0.200" /><testcase classname="tests.conditions_v2.test_price_only_condition_consumption_v1" name="test_indicator_reaches_account_chain_through_public_entry[RVOL_PRIOR-params13-condition13]" time="0.330" /><testcase classname="tests.conditions_v2.test_price_only_condition_consumption_v1" name="test_indicator_reaches_account_chain_through_public_entry[MFI-params14-condition14]" time="0.237" /><testcase classname="tests.conditions_v2.test_price_only_condition_consumption_v1" name="test_indicator_reaches_account_chain_through_public_entry[ACCUMULATION_DISTRIBUTION-params15-condition15]" time="0.162" /><testcase classname="tests.conditions_v2.test_price_only_condition_consumption_v1" name="test_indicator_reaches_account_chain_through_public_entry[CHAIKIN_MONEY_FLOW-params16-condition16]" time="0.233" /><testcase classname="tests.conditions_v2.test_price_only_condition_consumption_v1" name="test_indicator_reaches_account_chain_through_public_entry[PVT-params17-condition17]" time="0.215" /><testcase classname="tests.conditions_v2.test_price_only_condition_consumption_v1" name="test_indicator_reaches_account_chain_through_public_entry[VWAP_SESSION_PROXY-params18-condition18]" time="0.209" /><testcase classname="tests.conditions_v2.test_price_only_condition_consumption_v1" name="test_indicator_reaches_account_chain_through_public_entry[MACD_HIST_RAW-params19-condition19]" time="0.222" /><testcase classname="tests.conditions_v2.test_price_only_condition_consumption_v1" name="test_indicator_reaches_account_chain_through_public_entry[AMOUNT_MA-params20-condition20]" time="0.202" /><testcase classname="tests.conditions_v2.test_price_only_condition_consumption_v1" name="test_indicator_reaches_account_chain_through_public_entry[DRAWDOWN_FROM_PEAK-params21-condition21]" time="0.210" /><testcase classname="tests.conditions_v2.test_price_only_condition_consumption_v1" name="test_indicator_reaches_account_chain_through_public_entry[ROLLING_SLOPE-params22-condition22]" time="0.241" /><testcase classname="tests.conditions_v2.test_price_only_condition_consumption_v1" name="test_indicator_reaches_account_chain_through_public_entry[RVOL_INCL_CURRENT-params23-condition23]" time="0.295" /><testcase classname="tests.conditions_v2.test_price_only_condition_consumption_v1" name="test_indicator_reaches_account_chain_through_public_entry[TRUE_RANGE-params24-condition24]" time="0.228" /><testcase classname="tests.conditions_v2.test_price_only_condition_consumption_v1" name="test_condition_true_false_unknown_counts_are_recorded" time="0.181" /><testcase classname="tests.conditions_v2.test_price_only_condition_consumption_v1" name="test_impossible_condition_produces_no_trade_not_false_pass" time="0.105" /><testcase classname="tests.exits_v2.test_exit_rules_and_account_chain_v2" name="test_supported_exit_types_include_v1_and_v2" time="0.001" /><testcase classname="tests.exits_v2.test_exit_rules_and_account_chain_v2" name="test_intraday_and_tick_exits_still_rejected[INTRADAY_TOUCH_STOP]" time="0.001" /><testcase classname="tests.exits_v2.test_exit_rules_and_account_chain_v2" name="test_intraday_and_tick_exits_still_rejected[TICK_LEVEL_EXIT]" time="0.001" /><testcase classname="tests.exits_v2.test_exit_rules_and_account_chain_v2" name="test_intraday_and_tick_exits_still_rejected[MULTI_TIMEFRAME_EXIT]" time="0.001" /><testcase classname="tests.exits_v2.test_exit_rules_and_account_chain_v2" name="test_structure_stop_requires_declared_usable_scale" time="0.001" /><testcase classname="tests.exits_v2.test_exit_rules_and_account_chain_v2" name="test_atr_spec_validation" time="0.000" /><testcase classname="tests.exits_v2.test_exit_rules_and_account_chain_v2" name="test_v1_rules_delegate_preserves_semantics" time="0.001" /><testcase classname="tests.exits_v2.test_exit_rules_and_account_chain_v2" name="test_v1_cost_stop_still_uses_actual_fill_price" time="0.002" /><testcase classname="tests.exits_v2.test_exit_rules_and_account_chain_v2" name="test_v1_take_profit_and_fixed_hold_still_work" time="0.002" /><testcase classname="tests.exits_v2.test_exit_rules_and_account_chain_v2" name="test_v1_trailing_stop_still_only_tightens" time="0.001" /><testcase classname="tests.exits_v2.test_exit_rules_and_account_chain_v2" name="test_atr_distance_stop_uses_entry_atr_in_execution_scale" time="0.001" /><testcase classname="tests.exits_v2.test_exit_rules_and_account_chain_v2" name="test_atr_distance_does_not_trigger_when_close_above_line" time="0.001" /><testcase classname="tests.exits_v2.test_exit_rules_and_account_chain_v2" name="test_atr_stop_requires_entry_atr_and_refuses_missing" time="0.001" /><testcase classname="tests.exits_v2.test_exit_rules_and_account_chain_v2" name="test_freeze_entry_anchor_uses_prior_session_not_entry_day" time="0.002" /><testcase classname="tests.exits_v2.test_exit_rules_and_account_chain_v2" name="test_freeze_entry_anchor_returns_none_without_prior_history" time="0.001" /><testcase classname="tests.exits_v2.test_exit_rules_and_account_chain_v2" name="test_atr_trailing_tightens_only_and_keeps_peak" time="0.002" /><testcase classname="tests.exits_v2.test_exit_rules_and_account_chain_v2" name="test_atr_trailing_triggers_on_close_below_line" time="0.002" /><testcase classname="tests.exits_v2.test_exit_rules_and_account_chain_v2" name="test_indicator_condition_exit_triggers_only_on_true" time="0.004" /><testcase classname="tests.exits_v2.test_exit_rules_and_account_chain_v2" name="test_reverse_signal_exit_triggers_only_on_true" time="0.002" /><testcase classname="tests.exits_v2.test_exit_rules_and_account_chain_v2" name="test_condition_exit_without_evaluator_fails_closed" time="0.001" /><testcase classname="tests.exits_v2.test_exit_rules_and_account_chain_v2" name="test_multiple_hits_preserve_all_reasons_and_single_record" time="0.002" /><testcase classname="tests.exits_v2.test_exit_rules_and_account_chain_v2" name="test_exit_intent_not_revoked_by_later_price_recovery" time="0.002" /><testcase classname="tests.exits_v2.test_exit_rules_and_account_chain_v2" name="test_full_chain_positive_control_with_v2_condition" time="0.374" /><testcase classname="tests.exits_v2.test_exit_rules_and_account_chain_v2" name="test_full_chain_negative_control_impossible_condition" time="0.093" /><testcase classname="tests.exits_v2.test_exit_rules_and_account_chain_v2" name="test_full_chain_custom_fixture_reaches_account_chain" time="0.389" /><testcase classname="tests.exits_v2.test_exit_rules_and_account_chain_v2" name="test_full_chain_rejects_unknown_condition_and_mode" time="0.003" /><testcase classname="tests.exits_v2.test_exit_rules_and_account_chain_v2" name="test_full_chain_requires_calendar_coverage" time="0.001" /><testcase classname="tests.exits_v2.test_exit_rules_and_account_chain_v2" name="test_parse_expression_rejects_string_code" time="0.001" /><testcase classname="tests.entrypoints_v2.test_public_entrypoints_v2" name="test_contracts_endpoint_is_registry_driven" time="0.137" /><testcase classname="tests.entrypoints_v2.test_public_entrypoints_v2" name="test_default_read_only_policy_still_denies_v2_endpoint" time="0.034" /><testcase classname="tests.entrypoints_v2.test_public_entrypoints_v2" name="test_v2_endpoint_does_not_write_research_root" time="0.450" /><testcase classname="tests.entrypoints_v2.test_public_entrypoints_v2" name="test_v2_endpoint_runs_and_reports_versions" time="0.499" /><testcase classname="tests.entrypoints_v2.test_public_entrypoints_v2" name="test_v2_endpoint_rejects_file_entry_and_bad_requests" time="0.076" /><testcase classname="tests.entrypoints_v2.test_public_entrypoints_v2" name="test_cli_matches_http_semantics" time="1.619" /><testcase classname="tests.entrypoints_v2.test_public_entrypoints_v2" name="test_cli_supports_file_entry" time="1.183" /><testcase classname="tests.entrypoints_v2.test_public_entrypoints_v2" name="test_cli_rejects_path_outside_declared_root" time="1.180" /><testcase classname="tests.entrypoints_v2.test_public_entrypoints_v2" name="test_cli_lists_registry_indicators" time="0.859" /><testcase classname="tests.indicators.test_indicator_formulas_v1" name="test_macd_v1_hand_computed_short_sequence" time="0.002" /><testcase classname="tests.indicators.test_indicator_formulas_v1" name="test_kdj_v1_hand_computed_short_sequence" time="0.003" /><testcase classname="tests.indicators.test_indicator_formulas_v1" name="test_macd_v1_matches_independent_oracle[flat]" time="0.004" /><testcase classname="tests.indicators.test_indicator_formulas_v1" name="test_macd_v1_matches_independent_oracle[up]" time="0.003" /><testcase classname="tests.indicators.test_indicator_formulas_v1" name="test_macd_v1_matches_independent_oracle[down]" time="0.003" /><testcase classname="tests.indicators.test_indicator_formulas_v1" name="test_macd_v1_matches_independent_oracle[roundtrip]" time="0.003" /><testcase classname="tests.indicators.test_indicator_formulas_v1" name="test_kdj_v1_matches_independent_oracle[flat]" time="0.007" /><testcase classname="tests.indicators.test_indicator_formulas_v1" name="test_kdj_v1_matches_independent_oracle[up]" time="0.007" /><testcase classname="tests.indicators.test_indicator_formulas_v1" name="test_kdj_v1_matches_independent_oracle[down]" time="0.006" /><testcase classname="tests.indicators.test_indicator_formulas_v1" name="test_kdj_v1_matches_independent_oracle[roundtrip]" time="0.006" /><testcase classname="tests.indicators.test_indicator_formulas_v1" name="test_ema_recursive_matches_pandas_adjust_false" time="0.002" /><testcase classname="tests.indicators.test_indicator_formulas_v1" name="test_cross_helpers_match_oracle" time="0.001" /><testcase classname="tests.indicators.test_indicator_formulas_v1" name="test_moving_average_matches_manual_mean" time="0.002" /><testcase classname="tests.indicators.test_indicator_formulas_v1" name="test_macd_conditions_are_distinct_not_a_single_label" time="0.028" /><testcase classname="tests.indicators.test_indicator_formulas_v1" name="test_macd_exact_equality_and_near_zero_are_not_golden_cross" time="0.001" /><testcase classname="tests.indicators.test_indicator_formulas_v1" name="test_macd_sustained_above_without_new_cross_has_no_cross_signal" time="0.008" /><testcase classname="tests.indicators.test_indicator_formulas_v1" name="test_unknown_condition_is_rejected" time="0.003" /><testcase classname="tests.indicators.test_indicator_formulas_v1" name="test_parameters_must_be_passed_and_appear_in_result" time="0.004" /><testcase classname="tests.indicators.test_indicator_formulas_v1" name="test_kdj_hhv_equals_llv_ends_segment_and_does_not_fake_signal" time="0.004" /><testcase classname="tests.indicators.test_indicator_formulas_v1" name="test_kdj_recovers_after_gap_with_fresh_warmup" time="0.005" /><testcase classname="tests.indicators.test_indicator_formulas_v1" name="test_kdj_nan_input_ends_segment_without_crossing_gap" time="0.004" /><testcase classname="tests.indicators.test_indicator_formulas_v1" name="test_kdj_negative_or_zero_price_is_invalid_input" time="0.003" /><testcase classname="tests.indicators.test_indicator_formulas_v1" name="test_kdj_j_is_not_clamped" time="0.003" /><testcase classname="tests.indicators.test_indicator_formulas_v1" name="test_duplicate_or_unsorted_time_index_is_rejected" time="0.002" /><testcase classname="tests.indicators.test_indicator_formulas_v1" name="test_prefix_computation_matches_batch_on_completed_part" time="0.003" /><testcase classname="tests.indicators.test_indicator_formulas_v1" name="test_appending_future_prices_does_not_change_past_indicators" time="0.003" /><testcase classname="tests.indicators.test_indicator_formulas_v1" name="test_appending_future_prices_does_not_change_past_kdj" time="0.006" /><testcase classname="tests.indicators.test_indicator_formulas_v1" name="test_segment_ids_helper_contract" time="0.001" /><testcase classname="tests.pr15_remediation.test_pr15_remediation_v1" name="test_pr1501_ma5_and_ma20_are_distinct_instances" time="0.816" /><testcase classname="tests.pr15_remediation.test_pr15_remediation_v1" name="test_pr1501_duplicate_and_conflicting_instances_rejected" time="0.036" /><testcase classname="tests.pr15_remediation.test_pr15_remediation_v1" name="test_pr1501_unknown_version_rejected_and_single_instance_compat" time="0.311" /><testcase classname="tests.pr15_remediation.test_pr15_remediation_v1" name="test_pr1502_entry_anchor_uses_prior_atr_through_public_entry" time="0.193" /><testcase classname="tests.pr15_remediation.test_pr15_remediation_v1" name="test_pr1502_entry_without_available_atr_is_rejected_not_faked" time="0.123" /><testcase classname="tests.pr15_remediation.test_pr15_remediation_v1" name="test_pr1502_atr_rule_without_declared_dependency_is_rejected" time="0.233" /><testcase classname="tests.pr15_remediation.test_pr15_remediation_v1" name="test_pr1502_distinct_atr_windows_do_not_share_one_series" time="0.269" /><testcase classname="tests.pr15_remediation.test_pr15_remediation_v1" name="test_pr1502_dynamic_current_anchor_is_honoured" time="0.002" /><testcase classname="tests.pr15_remediation.test_pr15_remediation_v1" name="test_pr1503_two_symbol_fixed_hold_runs_without_condition_context" time="0.792" /><testcase classname="tests.pr15_remediation.test_pr15_remediation_v1" name="test_pr1503_two_symbol_cost_stop_runs" time="0.546" /><testcase classname="tests.pr15_remediation.test_pr15_remediation_v1" name="test_pr1503_two_symbol_condition_exit_uses_per_symbol_context" time="1.571" /><testcase classname="tests.pr15_remediation.test_pr15_remediation_v1" name="test_pr1503_context_map_missing_symbol_is_rejected" time="0.002" /><testcase classname="tests.pr15_remediation.test_pr15_remediation_v1" name="test_pr1503_two_symbol_partial_fill_and_pending_sell" time="0.367" /><testcase classname="tests.pr15_remediation.test_pr15_remediation_v1" name="test_pr1503_no_position_day_does_not_break_multi_symbol" time="0.194" /><testcase classname="tests.pr15_remediation.test_pr15_remediation_v1" name="test_pr1504_top_n_unknown_handling_unit" time="0.004" /><testcase classname="tests.pr15_remediation.test_pr15_remediation_v1" name="test_pr1504_top_n_positive_control_still_works" time="0.002" /><testcase classname="tests.pr15_remediation.test_pr15_remediation_v1" name="test_pr1504_top_n_reaches_account_chain_through_public_entry" time="0.480" /><testcase classname="tests.pr15_remediation.test_pr15_remediation_v1" name="test_pr1504_cross_sectional_and_time_series_operands_must_align" time="0.003" /><testcase classname="tests.pr15_remediation.test_pr15_remediation_v1" name="test_pr1505_matrix_requires_evidence_not_name_prefix" time="0.003" /><testcase classname="tests.pr15_remediation.test_pr15_remediation_v1" name="test_pr1505_formula_hash_recurses_into_dependencies" time="0.004" /><testcase classname="tests.pr15_remediation.test_pr15_remediation_v1" name="test_pr1505_formula_hash_is_stable_for_unchanged_source" time="0.074" /><testcase classname="tests.pr15_remediation.test_pr15_remediation_v1" name="test_pr1505_matrix_entries_carry_real_nodeids" time="0.003" /><testcase classname="tests.pr15_remediation.test_pr15_remediation_v1" name="test_pr1505_contract_and_registry_and_matrix_agree" time="0.068" /><testcase classname="tests.pr15_remediation.test_pr15_remediation_v1" name="test_pr1505_evidence_must_cover_the_dimension_not_just_exist" time="0.002" /><testcase classname="tests.pr15_remediation.test_pr15_remediation_v1" name="test_pr1505_condition_dimensions_use_their_own_positive_tests" time="0.002" /><testcase classname="tests.pr15_remediation.test_pr15_remediation_v1" name="test_pr1505_macd_kdj_oracle_is_linked_to_v1_compat_junit" time="0.003" /><testcase classname="tests.pr15_remediation.test_pr15_remediation_v1" name="test_pr1505_verified_requires_every_declared_dimension" time="0.003" /><testcase classname="tests.pr15_remediation.test_pr15_remediation_v1" name="test_pr1505_every_claimed_nodeid_actually_exists" time="39.319" /><testcase classname="tests.pr15_remediation.test_pr15_remediation_v1" name="test_pr1505_unsupported_combination_is_declared_in_matrix" time="0.004" /><testcase classname="tests.pr15_remediation.test_pr15_remediation_v1" name="test_pr1505_cli_reports_scope_consistently" time="1.100" /><testcase classname="tests.pr15_residual.test_pr15_residual_v1" name="test_pr1501_unknown_version_inside_entry_expression_is_rejected" time="0.029" /><testcase classname="tests.pr15_residual.test_pr15_residual_v1" name="test_pr1501_unknown_version_inside_exit_and_reverse_expressions_rejected" time="0.262" /><testcase classname="tests.pr15_residual.test_pr15_residual_v1" name="test_pr1501_matching_version_in_expression_is_accepted" time="0.314" /><testcase classname="tests.pr15_residual.test_pr15_residual_v1" name="test_pr1501_unknown_reference_name_is_rejected" time="0.036" /><testcase classname="tests.pr15_residual.test_pr15_residual_v1" name="test_pr1501_ambiguous_bare_id_reference_rejected_when_multiple_instances" time="0.046" /><testcase classname="tests.pr15_residual.test_pr15_residual_v1" name="test_pr1501_bare_id_single_instance_still_compatible" time="0.258" /><testcase classname="tests.pr15_residual.test_pr15_residual_v1" name="test_pr1501_two_moving_averages_are_consumed_per_value" time="0.728" /><testcase classname="tests.pr15_residual.test_pr15_residual_v1" name="test_pr1501_declaration_order_does_not_change_results" time="0.466" /><testcase classname="tests.pr15_residual.test_pr15_residual_v1" name="test_pr1502_atr7_and_atr14_differ_and_are_consumed_separately" time="0.226" /><testcase classname="tests.pr15_residual.test_pr15_residual_v1" name="test_pr1502_no_alias_atr7_matches_seven_day_rule_not_fourteen" time="0.390" /><testcase classname="tests.pr15_residual.test_pr15_residual_v1" name="test_pr1502_actual_params_not_reinferred_from_spec_defaults" time="0.003" /><testcase classname="tests.pr15_residual.test_pr15_residual_v1" name="test_pr1502_single_rule_positive_controls" time="0.415" /><testcase classname="tests.pr15_residual.test_pr15_residual_v1" name="test_pr1502_declaration_order_swap_keeps_bindings" time="0.572" /><testcase classname="tests.pr15_residual.test_pr15_residual_v1" name="test_pr1502_insufficient_warmup_is_rejected_not_faked" time="0.074" /><testcase classname="tests.pr15_residual.test_pr15_residual_v1" name="test_pr1502_dynamic_current_missing_value_is_rejected_not_silently_ignored" time="0.001" /><testcase classname="tests.pr15_residual.test_pr15_residual_v1" name="test_pr1504_ranking_exit_produces_real_exit_in_public_service" time="0.753" /><testcase classname="tests.pr15_residual.test_pr15_residual_v1" name="test_pr1504_ranking_exit_hits_different_symbols_on_different_dates" time="0.775" /><testcase classname="tests.pr15_residual.test_pr15_residual_v1" name="test_pr1504_mixed_cross_sectional_and_series_condition_rejected_before_run" time="0.006" /><testcase classname="tests.pr15_residual.test_pr15_residual_v1" name="test_pr1504_ranking_edge_cases_preserved" time="0.004" /><testcase classname="tests.pr15_residual.test_pr15_residual_v1" name="test_pr1504_ranking_exit_via_cli" time="1.402" /><testcase classname="tests.pr15_residual.test_pr15_residual_v1" name="test_pr15b_formula_hash_follows_actually_selected_dependency_version" time="0.003" /><testcase classname="tests.pr15_residual.test_pr15_residual_v1" name="test_pr15b_pinned_version_is_not_silently_replaced_by_latest" time="0.003" /><testcase classname="tests.pr15_residual.test_pr15_residual_v1" name="test_pr15b_changing_unselected_version_does_not_change_hash" time="0.002" /><testcase classname="tests.pr15_residual.test_pr15_residual_v1" name="test_pr15b_changing_selected_version_changes_hash" time="0.002" /><testcase classname="tests.pr15_residual.test_pr15_residual_v1" name="test_pr15b_missing_dependency_is_rejected_not_fallback" time="0.001" /><testcase classname="tests.pr15_residual.test_pr15_residual_v1" name="test_pr15b_circular_dependency_is_rejected_not_faked" time="0.001" /><testcase classname="tests.pr15_residual.test_pr15_residual_v1" name="test_pr15b_registration_order_positive_control" time="0.002" /><testcase classname="tests.pr15_dependency.test_dependency_execution_v1" name="test_pr15b1_pinned_version_constrains_actual_computation" time="0.005" /><testcase classname="tests.pr15_dependency.test_dependency_execution_v1" name="test_pr15b1_default_resolution_drives_both_output_and_hash" time="0.005" /><testcase classname="tests.pr15_dependency.test_dependency_execution_v1" name="test_pr15b1_changing_selected_version_changes_both" time="0.003" /><testcase classname="tests.pr15_dependency.test_dependency_execution_v1" name="test_pr15b1_pinned_to_v1_equals_v1_only_hash" time="0.002" /><testcase classname="tests.pr15_dependency.test_dependency_execution_v1" name="test_pr15b1_nested_pinned_not_overridden_by_other_node_defaults" time="0.002" /><testcase classname="tests.pr15_dependency.test_dependency_execution_v1" name="test_pr15b1_unsupported_calls_are_rejected" time="0.001" /><testcase classname="tests.pr15_dependency.test_dependency_execution_v1" name="test_pr15b2_shared_dependency_dag_is_accepted" time="0.003" /><testcase classname="tests.pr15_dependency.test_dependency_execution_v1" name="test_dependency_scope_rejects_direct_registry_compute" time="0.001" /><testcase classname="tests.pr15_dependency.test_dependency_execution_v1" name="test_dependency_scope_allows_direct_compute_when_not_pinned" time="0.001" /><testcase classname="tests.pr15_dependency.test_dependency_execution_v1" name="test_dependency_scope_allows_explicit_version_in_direct_compute" time="0.001" /><testcase classname="tests.pr15_dependency.test_dependency_execution_v1" name="test_builtin_rsi_regime_flag_uses_dependency_path" time="0.003" /><testcase classname="tests.pr15_dependency.test_dependency_execution_v1" name="test_pr15b2_shared_dependency_hash_is_deterministic" time="0.004" /><testcase classname="tests.pr15_dependency.test_dependency_execution_v1" name="test_pr15b2_real_cycle_still_rejected" time="0.002" /><testcase classname="tests.pr15_dependency.test_dependency_execution_v1" name="test_pr15b2_registration_order_does_not_change_result" time="0.003" /><testcase classname="tests.price_only_scope.test_bounded_read_boundary_v1" name="test_synthetic_bounded_read_limits_materialized_range" time="0.172" /><testcase classname="tests.price_only_scope.test_bounded_read_boundary_v1" name="test_synthetic_read_rejects_sealed_range" time="0.009" /><testcase classname="tests.price_only_scope.test_bounded_read_boundary_v1" name="test_physical_records_do_not_scale_with_file_length" time="0.024" /><testcase classname="tests.price_only_scope.test_bounded_read_boundary_v1" name="test_requested_range_never_exceeds_research_end" time="0.018" /><testcase classname="tests.price_only_scope.test_gbbq_access_guard_v1" name="test_real_gbbq_paths_are_classified_forbidden" time="0.004" /><testcase classname="tests.price_only_scope.test_gbbq_access_guard_v1" name="test_synthetic_fixture_paths_are_not_forbidden" time="0.006" /><testcase classname="tests.price_only_scope.test_gbbq_access_guard_v1" name="test_guard_rejects_before_real_open" time="0.001" /><testcase classname="tests.price_only_scope.test_gbbq_access_guard_v1" name="test_load_gbbq_rejects_real_path_without_reading" time="0.003" /><testcase classname="tests.price_only_scope.test_gbbq_access_guard_v1" name="test_load_gbbq_rejects_real_cache_csv" time="0.004" /><testcase classname="tests.price_only_scope.test_gbbq_access_guard_v1" name="test_env_override_is_refused" time="0.001" /><testcase classname="tests.price_only_scope.test_gbbq_access_guard_v1" name="test_normal_price_path_still_works" time="0.006" /><testcase classname="tests.price_only_scope.test_gbbq_access_guard_v1" name="test_extra_forbidden_paths_env" time="0.006" /><testcase classname="tests.price_only_scope.test_gbbq_identity_bypass_v1" name="test_relative_and_absolute_cache_path_are_both_rejected" time="0.003" /><testcase classname="tests.price_only_scope.test_gbbq_identity_bypass_v1" name="test_entry_blocks_absolute_cache_path" time="0.006" /><testcase classname="tests.price_only_scope.test_gbbq_identity_bypass_v1" name="test_parent_traversal_alias_is_rejected" time="0.003" /><testcase classname="tests.price_only_scope.test_gbbq_identity_bypass_v1" name="test_symlink_alias_to_forbidden_cache_is_rejected" time="0.006" /><testcase classname="tests.price_only_scope.test_gbbq_identity_bypass_v1" name="test_symlink_junction_scope_is_documented" time="0.001"><skipped type="pytest.skip" message="junction 创建需管理员权限；本机未覆盖该形式（已在文档标注）">E:\llmwiki\trade-price-only-validation-v1\tests\price_only_scope\test_gbbq_identity_bypass_v1.py:110: junction 创建需管理员权限；本机未覆盖该形式（已在文档标注）</skipped></testcase><testcase classname="tests.price_only_scope.test_gbbq_identity_bypass_v1" name="test_explicit_list_matches_symlink_alias" time="0.006" /><testcase classname="tests.price_only_scope.test_gbbq_identity_bypass_v1" name="test_explicit_list_is_not_limited_by_basename_whitelist" time="0.006" /><testcase classname="tests.price_only_scope.test_gbbq_identity_bypass_v1" name="test_explicit_list_accepts_relative_and_absolute" time="0.003" /><testcase classname="tests.price_only_scope.test_gbbq_identity_bypass_v1" name="test_windows_path_forms_are_rejected[\\\\?\\E:\\new_tdx_mock\\T0002\\hq_cache\\gbbq]" time="0.001" /><testcase classname="tests.price_only_scope.test_gbbq_identity_bypass_v1" name="test_windows_path_forms_are_rejected[\\\\.\\E:\\new_tdx_mock\\T0002\\hq_cache\\gbbq]" time="0.001" /><testcase classname="tests.price_only_scope.test_gbbq_identity_bypass_v1" name="test_windows_path_forms_are_rejected[E:/new_tdx_mock/T0002/../T0002/hq_cache/gbbq]" time="0.001" /><testcase classname="tests.price_only_scope.test_gbbq_identity_bypass_v1" name="test_windows_path_forms_are_rejected[E:/new_tdx_mock/T0002/hq_cache/./gbbq]" time="0.002" /><testcase classname="tests.price_only_scope.test_gbbq_identity_bypass_v1" name="test_windows_path_forms_are_rejected[e:/NEW_TDX_MOCK/t0002/HQ_CACHE/GBBQ]" time="0.002" /><testcase classname="tests.price_only_scope.test_gbbq_identity_bypass_v1" name="test_windows_path_forms_are_rejected[E:\\new_tdx_mock\\T0002\\hq_cache\\gbbq]" time="0.001" /><testcase classname="tests.price_only_scope.test_gbbq_identity_bypass_v1" name="test_normalise_does_not_treat_drive_path_as_relative" time="0.000" /><testcase classname="tests.price_only_scope.test_gbbq_identity_bypass_v1" name="test_entry_blocks_real_gbbq_before_open" time="0.004" /><testcase classname="tests.price_only_scope.test_gbbq_identity_bypass_v1" name="test_entry_blocks_relative_cache_before_open" time="0.004" /><testcase classname="tests.price_only_scope.test_gbbq_identity_bypass_v1" name="test_synthetic_fixture_in_temp_cache_is_readable" time="0.008" /><testcase classname="tests.price_only_scope.test_gbbq_identity_bypass_v1" name="test_unparseable_path_fails_closed" time="0.001" /><testcase classname="tests.price_only_scope.test_real_raw_sample_v1" name="test_raw_slice_is_within_authorized_window[000001.SZ]" time="0.029" /><testcase classname="tests.price_only_scope.test_real_raw_sample_v1" name="test_raw_slice_is_within_authorized_window[600000.SH]" time="0.003" /><testcase classname="tests.price_only_scope.test_real_raw_sample_v1" name="test_raw_slice_matches_independent_reference[000001.SZ]" time="0.018" /><testcase classname="tests.price_only_scope.test_real_raw_sample_v1" name="test_raw_slice_matches_independent_reference[600000.SH]" time="0.016" /><testcase classname="tests.price_only_scope.test_real_raw_sample_v1" name="test_psy_on_real_raw_is_not_constant_one_hundred[000001.SZ]" time="0.003" /><testcase classname="tests.price_only_scope.test_real_raw_sample_v1" name="test_psy_on_real_raw_is_not_constant_one_hundred[600000.SH]" time="0.004" /><testcase classname="tests.price_only_scope.test_real_raw_sample_v1" name="test_ready_and_unknown_are_reported[000001.SZ]" time="0.006" /><testcase classname="tests.price_only_scope.test_real_raw_sample_v1" name="test_ready_and_unknown_are_reported[600000.SH]" time="0.006" /><testcase classname="tests.price_only_scope.test_real_raw_sample_v1" name="test_rolling_indicators_are_nan_during_warmup[000001.SZ]" time="0.008" /><testcase classname="tests.price_only_scope.test_real_raw_sample_v1" name="test_rolling_indicators_are_nan_during_warmup[600000.SH]" time="0.009" /><testcase classname="tests.price_only_scope.test_real_raw_sample_v1" name="test_a1_does_not_touch_corporate_action_or_adjust" time="0.002" /><testcase classname="tests.pit.test_bounded_reader_contract" name="test_get_day_bounded_excludes_out_of_window" time="0.014" /><testcase classname="tests.pit.test_bounded_reader_contract" name="test_get_benchmark_bounded_excludes_out_of_window" time="0.015" /><testcase classname="tests.pit.test_bounded_reader_contract" name="test_get_qfq_day_bounded_excludes_out_of_window_rows" time="0.023" /><testcase classname="tests.pit.test_bounded_reader_contract" name="test_get_qfq_day_bounded_does_not_apply_out_of_window_corporate_action" time="0.016" /><testcase classname="tests.pit.test_bounded_reader_contract" name="test_bounded_path_does_not_pollute_full_cache" time="0.018" /><testcase classname="tests.pit.test_bounded_reader_contract" name="test_unbounded_legacy_path_still_available_for_compatibility" time="0.009" /><testcase classname="tests.pit.test_official_valuation_contract" name="test_official_requires_explicit_calendar" time="0.001" /><testcase classname="tests.pit.test_official_valuation_contract" name="test_official_picks_after_close_and_keeps_event_identity" time="0.001" /><testcase classname="tests.pit.test_official_valuation_contract" name="test_duplicate_same_event_takes_last_inserted_not_max" time="0.001" /><testcase classname="tests.pit.test_official_valuation_contract" name="test_missing_middle_session_rejected" time="0.001" /><testcase classname="tests.pit.test_official_valuation_contract" name="test_missing_last_session_rejected_without_end_truncation" time="0.001" /><testcase classname="tests.pit.test_official_valuation_contract" name="test_non_finite_or_invalid_equity_rejected[nan]" time="0.001" /><testcase classname="tests.pit.test_official_valuation_contract" name="test_non_finite_or_invalid_equity_rejected[inf]" time="0.001" /><testcase classname="tests.pit.test_official_valuation_contract" name="test_non_finite_or_invalid_equity_rejected[-1.0]" time="0.001" /><testcase classname="tests.pit.test_official_valuation_contract" name="test_empty_calendar_rejected" time="0.000" /><testcase classname="tests.pit.test_official_valuation_contract" name="test_diagnostic_is_explicitly_non_official" time="0.001" /><testcase classname="tests.pit.test_official_valuation_contract" name="test_benchmark_endpoints_must_match_exactly" time="0.002" /><testcase classname="tests.pit.test_official_valuation_contract" name="test_legacy_archive_not_backfilled_with_inferred_timestamps" time="0.002" /><testcase classname="tests.pit.test_pit_eligibility_contract" name="test_st_is_rejected" time="0.003" /><testcase classname="tests.pit.test_pit_eligibility_contract" name="test_unknown_is_rejected" time="0.003" /><testcase classname="tests.pit.test_pit_eligibility_contract" name="test_missing_daily_row_is_unknown" time="0.003" /><testcase classname="tests.pit.test_pit_eligibility_contract" name="test_conflicting_daily_rows_are_conflict" time="0.003" /><testcase classname="tests.pit.test_pit_eligibility_contract" name="test_same_day_later_availability_is_not_discarded" time="0.004" /><testcase classname="tests.pit.test_pit_eligibility_contract" name="test_same_day_unknown_constraint_is_not_masked" time="0.003" /><testcase classname="tests.pit.test_pit_eligibility_contract" name="test_later_same_status_expiry_is_not_compacted_away" time="0.003" /><testcase classname="tests.pit.test_pit_eligibility_contract" name="test_expired_latest_does_not_resurrect_old_normal" time="0.003" /><testcase classname="tests.pit.test_pit_eligibility_contract" name="test_next_session_rule_last_calendar_day_is_unknown" time="0.003" /><testcase classname="tests.pit.test_pit_eligibility_contract" name="test_invalid_time_is_unknown_not_assumed_past" time="0.003" /><testcase classname="tests.pit.test_pit_eligibility_contract" name="test_positive_same_day_known_fills" time="0.004" /><testcase classname="tests.pit.test_pit_eligibility_contract" name="test_positive_late_constraint_allows_buy_once_available" time="0.004" /><testcase classname="tests.pit.test_pit_eligibility_contract" name="test_positive_event_persistent_not_expired_fills" time="0.005" /><testcase classname="tests.pit.test_pit_eligibility_contract" name="test_source_input_order_does_not_change_outcome[False]" time="0.004" /><testcase classname="tests.pit.test_pit_eligibility_contract" name="test_source_input_order_does_not_change_outcome[True]" time="0.004" /><testcase classname="tests.pit.test_pit_eligibility_contract" name="test_finalize_is_idempotent" time="0.001" /><testcase classname="tests.pit.test_pit_eligibility_contract" name="test_earliest_valid_to_wins_on_merge" time="0.001" /><testcase classname="tests.pit.test_pit_eligibility_contract" name="test_identical_constraints_are_compacted" time="0.001" /><testcase classname="tests.pit.test_pit_eligibility_contract" name="test_price_limit_is_board_specific_not_blanket_5pct" time="0.001" /><testcase classname="tests.pit.test_pit_eligibility_contract" name="test_holding_sell_not_blocked_by_st_entry_rule" time="0.001" /><testcase classname="tests.pit.test_pit_eligibility_contract" name="test_sizing_zero_records_reason_without_fallback" time="0.004" /><testcase classname="tests.pit.test_qfq_pit_safety" name="test_qfq_pit_acceptance_future_mutation" time="0.000"><skipped type="pytest.skip" message="TASK_FORBIDS_REAL_GBBQ_ACCESS: 本任务禁止真实 gbbq；合成可证性质见 tests/pit/test_qfq_pit_synthetic_v1.py">E:\llmwiki\trade-price-only-validation-v1\tests\pit\test_qfq_pit_safety.py:36: TASK_FORBIDS_REAL_GBBQ_ACCESS: 本任务禁止真实 gbbq；合成可证性质见 tests/pit/test_qfq_pit_synthetic_v1.py</skipped></testcase><testcase classname="tests.pit.test_qfq_pit_safety" name="test_full_sample_qfq_is_future_sensitive" time="0.000"><skipped type="pytest.skip" message="TASK_FORBIDS_REAL_GBBQ_ACCESS: 本任务禁止真实 gbbq；合成可证性质见 tests/pit/test_qfq_pit_synthetic_v1.py">E:\llmwiki\trade-price-only-validation-v1\tests\pit\test_qfq_pit_safety.py:63: TASK_FORBIDS_REAL_GBBQ_ACCESS: 本任务禁止真实 gbbq；合成可证性质见 tests/pit/test_qfq_pit_synthetic_v1.py</skipped></testcase><testcase classname="tests.pit.test_qfq_pit_synthetic_v1" name="test_future_event_does_not_change_asof_qfq" time="0.007" /><testcase classname="tests.pit.test_qfq_pit_synthetic_v1" name="test_asof_qfq_is_sensitive_to_past_event_only" time="0.010" /><testcase classname="tests.pit.test_qfq_pit_synthetic_v1" name="test_appending_future_event_does_not_change_past_prefix" time="0.009" /><testcase classname="tests.pit.test_qfq_pit_synthetic_v1" name="test_synthetic_qfq_prefix_is_identity_without_events" time="0.002" /><testcase classname="tests.pit.test_sizing_skip_run_isolation" name="test_sizing_skips_are_isolated_per_run" time="0.003" /><testcase classname="tests.pit.test_sizing_skip_run_isolation" name="test_previous_result_evidence_not_mutated" time="0.004" /><testcase classname="tests.pit.test_sizing_skip_run_isolation" name="test_run_without_signals_exports_zero_skips" time="0.004" /><testcase classname="tests.pit.test_sizing_skip_run_isolation" name="test_normal_buy_still_fills_and_records_no_skip" time="0.004" /><testcase classname="tests.pit.test_sizing_skip_run_isolation" name="test_pit_rejection_still_has_correct_reason" time="0.003" /><testcase classname="tests.pit.test_target_engine_broker_wiring" name="test_engine_and_broker_are_from_this_repository" time="0.002" /><testcase classname="tests.pit.test_target_engine_broker_wiring" name="test_broker_signature_has_no_corporate_action_parameter" time="0.001" /><testcase classname="tests.pit.test_target_engine_broker_wiring" name="test_engine_config_has_pit_switch_defaulting_off" time="0.001" /><testcase classname="tests.pit.test_target_engine_broker_wiring" name="test_engine_broker_construct_and_run_without_corporate_action" time="0.005" /><testcase classname="tests.pit.test_target_engine_broker_wiring" name="test_pit_disabled_preserves_legacy_behavior" time="0.004" /></testsuite></testsuites>