<?xml version="1.0" encoding="utf-8"?><testsuites name="pytest tests"><testsuite name="pytest" errors="0" failures="0" skipped="0" tests="141" time="16.922" timestamp="2026-09-22T16:52:21.146669+08:00" hostname="FengShan"><testcase classname="tests.indicators_v2.test_indicator_families_v2" name="test_ma_hand_computed" time="0.004" /><testcase classname="tests.indicators_v2.test_indicator_families_v2" name="test_sma_tdx_hand_computed_and_differs_from_arithmetic" time="0.003" /><testcase classname="tests.indicators_v2.test_indicator_families_v2" name="test_ema_and_rma_have_different_initialisation" time="0.002" /><testcase classname="tests.indicators_v2.test_indicator_families_v2" name="test_bollinger_hand_computed_ddof_zero_default" time="0.006" /><testcase classname="tests.indicators_v2.test_indicator_families_v2" name="test_williams_r_zero_to_hundred_and_not_negative" time="0.008" /><testcase classname="tests.indicators_v2.test_indicator_families_v2" name="test_obv_hand_computed" time="0.001" /><testcase classname="tests.indicators_v2.test_indicator_families_v2" name="test_streak_hand_computed" time="0.001" /><testcase classname="tests.indicators_v2.test_indicator_families_v2" name="test_hlc3_hand_computed" time="0.001" /><testcase classname="tests.indicators_v2.test_indicator_families_v2" name="test_ma_matches_oracle[flat]" time="0.080" /><testcase classname="tests.indicators_v2.test_indicator_families_v2" name="test_ma_matches_oracle[up]" time="0.003" /><testcase classname="tests.indicators_v2.test_indicator_families_v2" name="test_ma_matches_oracle[down]" time="0.003" /><testcase classname="tests.indicators_v2.test_indicator_families_v2" name="test_ma_matches_oracle[roundtrip]" time="0.003" /><testcase classname="tests.indicators_v2.test_indicator_families_v2" name="test_ma_matches_oracle[jump]" time="0.004" /><testcase classname="tests.indicators_v2.test_indicator_families_v2" name="test_ema_wma_rma_match_oracle[flat]" time="0.003" /><testcase classname="tests.indicators_v2.test_indicator_families_v2" name="test_ema_wma_rma_match_oracle[up]" time="0.003" /><testcase classname="tests.indicators_v2.test_indicator_families_v2" name="test_ema_wma_rma_match_oracle[down]" time="0.003" /><testcase classname="tests.indicators_v2.test_indicator_families_v2" name="test_ema_wma_rma_match_oracle[roundtrip]" time="0.003" /><testcase classname="tests.indicators_v2.test_indicator_families_v2" name="test_rsi_matches_oracle[flat]" time="0.002" /><testcase classname="tests.indicators_v2.test_indicator_families_v2" name="test_rsi_matches_oracle[up]" time="0.002" /><testcase classname="tests.indicators_v2.test_indicator_families_v2" name="test_rsi_matches_oracle[down]" time="0.002" /><testcase classname="tests.indicators_v2.test_indicator_families_v2" name="test_rsi_matches_oracle[roundtrip]" time="0.002" /><testcase classname="tests.indicators_v2.test_indicator_families_v2" name="test_williams_r_matches_oracle[up]" time="0.004" /><testcase classname="tests.indicators_v2.test_indicator_families_v2" name="test_williams_r_matches_oracle[down]" time="0.004" /><testcase classname="tests.indicators_v2.test_indicator_families_v2" name="test_williams_r_matches_oracle[roundtrip]" time="0.005" /><testcase classname="tests.indicators_v2.test_indicator_families_v2" name="test_bollinger_matches_oracle[0]" time="0.007" /><testcase classname="tests.indicators_v2.test_indicator_families_v2" name="test_bollinger_matches_oracle[1]" time="0.006" /><testcase classname="tests.indicators_v2.test_indicator_families_v2" name="test_atr_matches_oracle" time="0.003" /><testcase classname="tests.indicators_v2.test_indicator_families_v2" name="test_obv_roc_mtm_bias_match_oracle" time="0.005" /><testcase classname="tests.indicators_v2.test_indicator_families_v2" name="test_hlc3_slope_zscore_shape_match_oracle" time="0.006" /><testcase classname="tests.indicators_v2.test_indicator_families_v2" name="test_streak_matches_oracle" time="0.002" /><testcase classname="tests.indicators_v2.test_indicator_families_v2" name="test_dmi_and_sar_match_independent_oracle" time="0.004" /><testcase classname="tests.indicators_v2.test_indicator_families_v2" name="test_dmi_adx_reacts_to_trend_strength" time="0.008" /><testcase classname="tests.indicators_v2.test_indicator_families_v2" name="test_parameters_actually_take_effect" time="0.010" /><testcase classname="tests.indicators_v2.test_indicator_families_v2" name="test_invalid_parameters_rejected" time="0.002" /><testcase classname="tests.indicators_v2.test_indicator_families_v2" name="test_constant_series_edge_cases" time="0.007" /><testcase classname="tests.indicators_v2.test_indicator_families_v2" name="test_short_data_and_insufficient_warmup" time="0.004" /><testcase classname="tests.indicators_v2.test_indicator_families_v2" name="test_nan_and_invalid_price_break_segment" time="0.003" /><testcase classname="tests.indicators_v2.test_indicator_families_v2" name="test_zero_or_negative_price_is_invalid" time="0.002" /><testcase classname="tests.indicators_v2.test_indicator_families_v2" name="test_negative_inf_not_accepted" time="0.003" /><testcase classname="tests.indicators_v2.test_indicator_families_v2" name="test_prefix_matches_batch[ma_arithmetic-params0]" time="0.006" /><testcase classname="tests.indicators_v2.test_indicator_families_v2" name="test_prefix_matches_batch[ema-params1]" time="0.004" /><testcase classname="tests.indicators_v2.test_indicator_families_v2" name="test_prefix_matches_batch[rsi-params2]" time="0.004" /><testcase classname="tests.indicators_v2.test_indicator_families_v2" name="test_prefix_matches_batch[bollinger-params3]" time="0.009" /><testcase classname="tests.indicators_v2.test_indicator_families_v2" name="test_prefix_matches_batch[atr-params4]" time="0.004" /><testcase classname="tests.indicators_v2.test_indicator_families_v2" name="test_prefix_matches_batch[obv-params5]" time="0.004" /><testcase classname="tests.indicators_v2.test_indicator_families_v2" name="test_appending_future_does_not_change_past[ma_arithmetic-params0]" time="0.006" /><testcase classname="tests.indicators_v2.test_indicator_families_v2" name="test_appending_future_does_not_change_past[rsi-params1]" time="0.004" /><testcase classname="tests.indicators_v2.test_indicator_families_v2" name="test_appending_future_does_not_change_past[bollinger-params2]" time="0.008" /><testcase classname="tests.indicators_v2.test_indicator_families_v2" name="test_appending_future_does_not_change_past[atr-params3]" time="0.004" /><testcase classname="tests.indicators_v2.test_indicator_families_v2" name="test_appending_future_does_not_change_past[obv-params4]" time="0.004" /><testcase classname="tests.indicators_v2.test_indicator_families_v2" name="test_appending_future_does_not_change_past[dmi_adx-params5]" time="0.005" /><testcase classname="tests.indicators_v2.test_indicator_families_v2" name="test_multi_symbol_isolation_through_registry" time="0.004" /><testcase classname="tests.indicators_v2.test_indicator_families_v2" name="test_multi_output_names_are_stable_and_explicit" time="0.007" /><testcase classname="tests.indicators_v2.test_indicator_families_v2" name="test_turnover_rate_requires_extra_data_and_refuses_substitutes" time="0.003" /><testcase classname="tests.indicators_v2.test_indicator_families_v2" name="test_registry_rejects_unknown_and_invalid_requests" time="0.002" /><testcase classname="tests.indicators_v2.test_indicator_families_v2" name="test_registry_aliases_resolve_to_same_contract" time="0.001" /><testcase classname="tests.indicators_v2.test_indicator_families_v2" name="test_explicit_version_is_honoured_and_unknown_version_rejected" time="0.002" /><testcase classname="tests.indicators_v2.test_indicator_families_v2" name="test_registry_snapshot_has_required_contract_fields" time="0.001" /><testcase classname="tests.conditions_v2.test_condition_layer_v2" name="test_not_unknown_stays_unknown" time="0.001" /><testcase classname="tests.conditions_v2.test_condition_layer_v2" name="test_and_truth_table" time="0.002" /><testcase classname="tests.conditions_v2.test_condition_layer_v2" name="test_or_truth_table" time="0.002" /><testcase classname="tests.conditions_v2.test_condition_layer_v2" name="test_unknown_never_becomes_eligible" time="0.001" /><testcase classname="tests.conditions_v2.test_condition_layer_v2" name="test_nan_comparison_yields_unknown_not_true" time="0.003" /><testcase classname="tests.conditions_v2.test_condition_layer_v2" name="test_comparison_and_logic_combination" time="0.002" /><testcase classname="tests.conditions_v2.test_condition_layer_v2" name="test_cross_requires_adjacent_valid_observations" time="0.001" /><testcase classname="tests.conditions_v2.test_condition_layer_v2" name="test_cross_does_not_bridge_gap" time="0.001" /><testcase classname="tests.conditions_v2.test_condition_layer_v2" name="test_above_below_and_between" time="0.002" /><testcase classname="tests.conditions_v2.test_condition_layer_v2" name="test_every_and_exist_semantics" time="0.002" /><testcase classname="tests.conditions_v2.test_condition_layer_v2" name="test_every_unknown_when_no_false_but_unknown_present" time="0.001" /><testcase classname="tests.conditions_v2.test_condition_layer_v2" name="test_barslast_counts_since_last_true" time="0.001" /><testcase classname="tests.conditions_v2.test_condition_layer_v2" name="test_unknown_operator_rejected" time="0.000" /><testcase classname="tests.conditions_v2.test_condition_layer_v2" name="test_negative_lag_rejected" time="0.000" /><testcase classname="tests.conditions_v2.test_condition_layer_v2" name="test_centered_window_rejected" time="0.000" /><testcase classname="tests.conditions_v2.test_condition_layer_v2" name="test_depth_limit_enforced" time="0.000" /><testcase classname="tests.conditions_v2.test_condition_layer_v2" name="test_node_limit_enforced" time="0.001" /><testcase classname="tests.conditions_v2.test_condition_layer_v2" name="test_expression_layer_does_not_use_eval_or_exec" time="0.008" /><testcase classname="tests.conditions_v2.test_condition_layer_v2" name="test_missing_indicator_output_rejected" time="0.001" /><testcase classname="tests.conditions_v2.test_condition_layer_v2" name="test_missing_field_rejected" time="0.001" /><testcase classname="tests.conditions_v2.test_condition_layer_v2" name="test_unready_indicator_output_is_unknown" time="0.002" /><testcase classname="tests.conditions_v2.test_condition_layer_v2" name="test_cross_sectional_requires_view" time="0.001" /><testcase classname="tests.conditions_v2.test_condition_layer_v2" name="test_cross_sectional_top_n_stable_tie_break" time="0.004" /><testcase classname="tests.conditions_v2.test_condition_layer_v2" name="test_cross_sectional_percentile_ranks_within_bar_only" time="0.001" /><testcase classname="tests.conditions_v2.test_condition_layer_v2" name="test_condition_consumes_registry_outputs_end_to_end" time="0.004" /><testcase classname="tests.exits_v2.test_exit_rules_and_account_chain_v2" name="test_supported_exit_types_include_v1_and_v2" time="0.000" /><testcase classname="tests.exits_v2.test_exit_rules_and_account_chain_v2" name="test_intraday_and_tick_exits_still_rejected[INTRADAY_TOUCH_STOP]" time="0.001" /><testcase classname="tests.exits_v2.test_exit_rules_and_account_chain_v2" name="test_intraday_and_tick_exits_still_rejected[TICK_LEVEL_EXIT]" time="0.001" /><testcase classname="tests.exits_v2.test_exit_rules_and_account_chain_v2" name="test_intraday_and_tick_exits_still_rejected[MULTI_TIMEFRAME_EXIT]" time="0.001" /><testcase classname="tests.exits_v2.test_exit_rules_and_account_chain_v2" name="test_structure_stop_requires_declared_usable_scale" time="0.001" /><testcase classname="tests.exits_v2.test_exit_rules_and_account_chain_v2" name="test_atr_spec_validation" time="0.000" /><testcase classname="tests.exits_v2.test_exit_rules_and_account_chain_v2" name="test_v1_rules_delegate_preserves_semantics" time="0.000" /><testcase classname="tests.exits_v2.test_exit_rules_and_account_chain_v2" name="test_v1_cost_stop_still_uses_actual_fill_price" time="0.002" /><testcase classname="tests.exits_v2.test_exit_rules_and_account_chain_v2" name="test_v1_take_profit_and_fixed_hold_still_work" time="0.002" /><testcase classname="tests.exits_v2.test_exit_rules_and_account_chain_v2" name="test_v1_trailing_stop_still_only_tightens" time="0.001" /><testcase classname="tests.exits_v2.test_exit_rules_and_account_chain_v2" name="test_atr_distance_stop_uses_entry_atr_in_execution_scale" time="0.001" /><testcase classname="tests.exits_v2.test_exit_rules_and_account_chain_v2" name="test_atr_distance_does_not_trigger_when_close_above_line" time="0.001" /><testcase classname="tests.exits_v2.test_exit_rules_and_account_chain_v2" name="test_atr_stop_requires_entry_atr_and_refuses_missing" time="0.001" /><testcase classname="tests.exits_v2.test_exit_rules_and_account_chain_v2" name="test_freeze_entry_anchor_uses_prior_session_not_entry_day" time="0.001" /><testcase classname="tests.exits_v2.test_exit_rules_and_account_chain_v2" name="test_freeze_entry_anchor_returns_none_without_prior_history" time="0.001" /><testcase classname="tests.exits_v2.test_exit_rules_and_account_chain_v2" name="test_atr_trailing_tightens_only_and_keeps_peak" time="0.001" /><testcase classname="tests.exits_v2.test_exit_rules_and_account_chain_v2" name="test_atr_trailing_triggers_on_close_below_line" time="0.001" /><testcase classname="tests.exits_v2.test_exit_rules_and_account_chain_v2" name="test_indicator_condition_exit_triggers_only_on_true" time="0.002" /><testcase classname="tests.exits_v2.test_exit_rules_and_account_chain_v2" name="test_reverse_signal_exit_triggers_only_on_true" time="0.002" /><testcase classname="tests.exits_v2.test_exit_rules_and_account_chain_v2" name="test_condition_exit_without_evaluator_fails_closed" time="0.001" /><testcase classname="tests.exits_v2.test_exit_rules_and_account_chain_v2" name="test_multiple_hits_preserve_all_reasons_and_single_record" time="0.001" /><testcase classname="tests.exits_v2.test_exit_rules_and_account_chain_v2" name="test_exit_intent_not_revoked_by_later_price_recovery" time="0.001" /><testcase classname="tests.exits_v2.test_exit_rules_and_account_chain_v2" name="test_full_chain_positive_control_with_v2_condition" time="0.486" /><testcase classname="tests.exits_v2.test_exit_rules_and_account_chain_v2" name="test_full_chain_negative_control_impossible_condition" time="0.101" /><testcase classname="tests.exits_v2.test_exit_rules_and_account_chain_v2" name="test_full_chain_custom_fixture_reaches_account_chain" time="0.428" /><testcase classname="tests.exits_v2.test_exit_rules_and_account_chain_v2" name="test_full_chain_rejects_unknown_condition_and_mode" time="0.003" /><testcase classname="tests.exits_v2.test_exit_rules_and_account_chain_v2" name="test_full_chain_requires_calendar_coverage" time="0.001" /><testcase classname="tests.exits_v2.test_exit_rules_and_account_chain_v2" name="test_parse_expression_rejects_string_code" time="0.001" /><testcase classname="tests.entrypoints_v2.test_public_entrypoints_v2" name="test_contracts_endpoint_is_registry_driven" time="0.129" /><testcase classname="tests.entrypoints_v2.test_public_entrypoints_v2" name="test_default_read_only_policy_still_denies_v2_endpoint" time="0.036" /><testcase classname="tests.entrypoints_v2.test_public_entrypoints_v2" name="test_v2_endpoint_does_not_write_research_root" time="0.481" /><testcase classname="tests.entrypoints_v2.test_public_entrypoints_v2" name="test_v2_endpoint_runs_and_reports_versions" time="0.492" /><testcase classname="tests.entrypoints_v2.test_public_entrypoints_v2" name="test_v2_endpoint_rejects_file_entry_and_bad_requests" time="0.094" /><testcase classname="tests.entrypoints_v2.test_public_entrypoints_v2" name="test_cli_matches_http_semantics" time="1.775" /><testcase classname="tests.entrypoints_v2.test_public_entrypoints_v2" name="test_cli_supports_file_entry" time="1.169" /><testcase classname="tests.entrypoints_v2.test_public_entrypoints_v2" name="test_cli_rejects_path_outside_declared_root" time="1.202" /><testcase classname="tests.entrypoints_v2.test_public_entrypoints_v2" name="test_cli_lists_registry_indicators" time="0.792" /><testcase classname="tests.pr15_remediation.test_pr15_remediation_v1" name="test_pr1501_ma5_and_ma20_are_distinct_instances" time="0.775" /><testcase classname="tests.pr15_remediation.test_pr15_remediation_v1" name="test_pr1501_duplicate_and_conflicting_instances_rejected" time="0.041" /><testcase classname="tests.pr15_remediation.test_pr15_remediation_v1" name="test_pr1501_unknown_version_rejected_and_single_instance_compat" time="0.330" /><testcase classname="tests.pr15_remediation.test_pr15_remediation_v1" name="test_pr1502_entry_anchor_uses_prior_atr_through_public_entry" time="0.196" /><testcase classname="tests.pr15_remediation.test_pr15_remediation_v1" name="test_pr1502_entry_without_available_atr_is_rejected_not_faked" time="0.093" /><testcase classname="tests.pr15_remediation.test_pr15_remediation_v1" name="test_pr1502_atr_rule_without_declared_dependency_is_rejected" time="0.220" /><testcase classname="tests.pr15_remediation.test_pr15_remediation_v1" name="test_pr1502_distinct_atr_windows_do_not_share_one_series" time="0.306" /><testcase classname="tests.pr15_remediation.test_pr15_remediation_v1" name="test_pr1502_dynamic_current_anchor_is_honoured" time="0.003" /><testcase classname="tests.pr15_remediation.test_pr15_remediation_v1" name="test_pr1503_two_symbol_fixed_hold_runs_without_condition_context" time="0.772" /><testcase classname="tests.pr15_remediation.test_pr15_remediation_v1" name="test_pr1503_two_symbol_cost_stop_runs" time="0.840" /><testcase classname="tests.pr15_remediation.test_pr15_remediation_v1" name="test_pr1503_two_symbol_condition_exit_uses_per_symbol_context" time="1.707" /><testcase classname="tests.pr15_remediation.test_pr15_remediation_v1" name="test_pr1503_context_map_missing_symbol_is_rejected" time="0.003" /><testcase classname="tests.pr15_remediation.test_pr15_remediation_v1" name="test_pr1503_two_symbol_partial_fill_and_pending_sell" time="0.333" /><testcase classname="tests.pr15_remediation.test_pr15_remediation_v1" name="test_pr1503_no_position_day_does_not_break_multi_symbol" time="0.237" /><testcase classname="tests.pr15_remediation.test_pr15_remediation_v1" name="test_pr1504_top_n_unknown_handling_unit" time="0.005" /><testcase classname="tests.pr15_remediation.test_pr15_remediation_v1" name="test_pr1504_top_n_positive_control_still_works" time="0.003" /><testcase classname="tests.pr15_remediation.test_pr15_remediation_v1" name="test_pr1504_top_n_reaches_account_chain_through_public_entry" time="0.505" /><testcase classname="tests.pr15_remediation.test_pr15_remediation_v1" name="test_pr1504_cross_sectional_and_time_series_operands_must_align" time="0.003" /><testcase classname="tests.pr15_remediation.test_pr15_remediation_v1" name="test_pr1505_matrix_requires_evidence_not_name_prefix" time="0.812" /><testcase classname="tests.pr15_remediation.test_pr15_remediation_v1" name="test_pr1505_formula_hash_uses_real_implementation_not_wrapper" time="0.085" /><testcase classname="tests.pr15_remediation.test_pr15_remediation_v1" name="test_pr1505_cli_reports_scope_consistently" time="1.116" /></testsuite></testsuites>