<?xml version="1.0" encoding="utf-8"?><testsuites name="pytest tests"><testsuite name="pytest" errors="0" failures="0" skipped="0" tests="291" time="9.544" timestamp="2026-09-24T13:21:50.921996+08:00" hostname="FengShan"><testcase classname="tests.indicators_v2.test_indicator_families_v2" name="test_ma_hand_computed" time="0.005" /><testcase classname="tests.indicators_v2.test_indicator_families_v2" name="test_sma_tdx_hand_computed_and_differs_from_arithmetic" time="0.003" /><testcase classname="tests.indicators_v2.test_indicator_families_v2" name="test_ema_and_rma_have_different_initialisation" time="0.002" /><testcase classname="tests.indicators_v2.test_indicator_families_v2" name="test_bollinger_hand_computed_ddof_zero_default" time="0.006" /><testcase classname="tests.indicators_v2.test_indicator_families_v2" name="test_williams_r_zero_to_hundred_and_not_negative" time="0.009" /><testcase classname="tests.indicators_v2.test_indicator_families_v2" name="test_obv_hand_computed" time="0.002" /><testcase classname="tests.indicators_v2.test_indicator_families_v2" name="test_streak_hand_computed" time="0.002" /><testcase classname="tests.indicators_v2.test_indicator_families_v2" name="test_hlc3_hand_computed" time="0.002" /><testcase classname="tests.indicators_v2.test_indicator_families_v2" name="test_ma_matches_oracle[flat]" time="0.012" /><testcase classname="tests.indicators_v2.test_indicator_families_v2" name="test_ma_matches_oracle[up]" time="0.005" /><testcase classname="tests.indicators_v2.test_indicator_families_v2" name="test_ma_matches_oracle[down]" time="0.004" /><testcase classname="tests.indicators_v2.test_indicator_families_v2" name="test_ma_matches_oracle[roundtrip]" time="0.004" /><testcase classname="tests.indicators_v2.test_indicator_families_v2" name="test_ma_matches_oracle[jump]" time="0.004" /><testcase classname="tests.indicators_v2.test_indicator_families_v2" name="test_ema_wma_rma_match_oracle[flat]" time="0.004" /><testcase classname="tests.indicators_v2.test_indicator_families_v2" name="test_ema_wma_rma_match_oracle[up]" time="0.004" /><testcase classname="tests.indicators_v2.test_indicator_families_v2" name="test_ema_wma_rma_match_oracle[down]" time="0.004" /><testcase classname="tests.indicators_v2.test_indicator_families_v2" name="test_ema_wma_rma_match_oracle[roundtrip]" time="0.004" /><testcase classname="tests.indicators_v2.test_indicator_families_v2" name="test_rsi_matches_oracle[flat]" time="0.003" /><testcase classname="tests.indicators_v2.test_indicator_families_v2" name="test_rsi_matches_oracle[up]" time="0.003" /><testcase classname="tests.indicators_v2.test_indicator_families_v2" name="test_rsi_matches_oracle[down]" time="0.003" /><testcase classname="tests.indicators_v2.test_indicator_families_v2" name="test_rsi_matches_oracle[roundtrip]" time="0.003" /><testcase classname="tests.indicators_v2.test_indicator_families_v2" name="test_williams_r_matches_oracle[up]" time="0.005" /><testcase classname="tests.indicators_v2.test_indicator_families_v2" name="test_williams_r_matches_oracle[down]" time="0.005" /><testcase classname="tests.indicators_v2.test_indicator_families_v2" name="test_williams_r_matches_oracle[roundtrip]" time="0.005" /><testcase classname="tests.indicators_v2.test_indicator_families_v2" name="test_bollinger_matches_oracle[0]" time="0.007" /><testcase classname="tests.indicators_v2.test_indicator_families_v2" name="test_bollinger_matches_oracle[1]" time="0.007" /><testcase classname="tests.indicators_v2.test_indicator_families_v2" name="test_atr_matches_oracle" time="0.003" /><testcase classname="tests.indicators_v2.test_indicator_families_v2" name="test_obv_roc_mtm_bias_match_oracle" time="0.005" /><testcase classname="tests.indicators_v2.test_indicator_families_v2" name="test_hlc3_slope_zscore_shape_match_oracle" time="0.007" /><testcase classname="tests.indicators_v2.test_indicator_families_v2" name="test_streak_matches_oracle" time="0.004" /><testcase classname="tests.indicators_v2.test_indicator_families_v2" name="test_dmi_and_sar_match_independent_oracle" time="0.005" /><testcase classname="tests.indicators_v2.test_indicator_families_v2" name="test_dmi_adx_reacts_to_trend_strength" time="0.009" /><testcase classname="tests.indicators_v2.test_indicator_families_v2" name="test_parameters_actually_take_effect" time="0.009" /><testcase classname="tests.indicators_v2.test_indicator_families_v2" name="test_invalid_parameters_rejected" time="0.002" /><testcase classname="tests.indicators_v2.test_indicator_families_v2" name="test_constant_series_edge_cases" time="0.008" /><testcase classname="tests.indicators_v2.test_indicator_families_v2" name="test_short_data_and_insufficient_warmup" time="0.004" /><testcase classname="tests.indicators_v2.test_indicator_families_v2" name="test_nan_and_invalid_price_break_segment" time="0.003" /><testcase classname="tests.indicators_v2.test_indicator_families_v2" name="test_zero_or_negative_price_is_invalid" time="0.002" /><testcase classname="tests.indicators_v2.test_indicator_families_v2" name="test_negative_inf_not_accepted" time="0.003" /><testcase classname="tests.indicators_v2.test_indicator_families_v2" name="test_prefix_matches_batch[ma_arithmetic-params0]" time="0.006" /><testcase classname="tests.indicators_v2.test_indicator_families_v2" name="test_prefix_matches_batch[ema-params1]" time="0.005" /><testcase classname="tests.indicators_v2.test_indicator_families_v2" name="test_prefix_matches_batch[rsi-params2]" time="0.005" /><testcase classname="tests.indicators_v2.test_indicator_families_v2" name="test_prefix_matches_batch[bollinger-params3]" time="0.008" /><testcase classname="tests.indicators_v2.test_indicator_families_v2" name="test_prefix_matches_batch[atr-params4]" time="0.006" /><testcase classname="tests.indicators_v2.test_indicator_families_v2" name="test_prefix_matches_batch[obv-params5]" time="0.004" /><testcase classname="tests.indicators_v2.test_indicator_families_v2" name="test_appending_future_does_not_change_past[ma_arithmetic-params0]" time="0.007" /><testcase classname="tests.indicators_v2.test_indicator_families_v2" name="test_appending_future_does_not_change_past[rsi-params1]" time="0.005" /><testcase classname="tests.indicators_v2.test_indicator_families_v2" name="test_appending_future_does_not_change_past[bollinger-params2]" time="0.009" /><testcase classname="tests.indicators_v2.test_indicator_families_v2" name="test_appending_future_does_not_change_past[atr-params3]" time="0.006" /><testcase classname="tests.indicators_v2.test_indicator_families_v2" name="test_appending_future_does_not_change_past[obv-params4]" time="0.005" /><testcase classname="tests.indicators_v2.test_indicator_families_v2" name="test_appending_future_does_not_change_past[dmi_adx-params5]" time="0.006" /><testcase classname="tests.indicators_v2.test_indicator_families_v2" name="test_multi_symbol_isolation_through_registry" time="0.005" /><testcase classname="tests.indicators_v2.test_indicator_families_v2" name="test_multi_output_names_are_stable_and_explicit" time="0.007" /><testcase classname="tests.indicators_v2.test_indicator_families_v2" name="test_turnover_rate_requires_extra_data_and_refuses_substitutes" time="0.003" /><testcase classname="tests.indicators_v2.test_indicator_families_v2" name="test_registry_rejects_unknown_and_invalid_requests" time="0.002" /><testcase classname="tests.indicators_v2.test_indicator_families_v2" name="test_registry_aliases_resolve_to_same_contract" time="0.001" /><testcase classname="tests.indicators_v2.test_indicator_families_v2" name="test_explicit_version_is_honoured_and_unknown_version_rejected" time="0.002" /><testcase classname="tests.indicators_v2.test_indicator_families_v2" name="test_registry_snapshot_has_required_contract_fields" time="0.001" /><testcase classname="tests.indicators_v2.test_price_only_formula_increment_v1" name="test_dema_matches_oracle[5-flat]" time="0.005" /><testcase classname="tests.indicators_v2.test_price_only_formula_increment_v1" name="test_dema_matches_oracle[5-up]" time="0.005" /><testcase classname="tests.indicators_v2.test_price_only_formula_increment_v1" name="test_dema_matches_oracle[5-down]" time="0.005" /><testcase classname="tests.indicators_v2.test_price_only_formula_increment_v1" name="test_dema_matches_oracle[5-osc]" time="0.004" /><testcase classname="tests.indicators_v2.test_price_only_formula_increment_v1" name="test_dema_matches_oracle[5-jump]" time="0.005" /><testcase classname="tests.indicators_v2.test_price_only_formula_increment_v1" name="test_dema_matches_oracle[20-flat]" time="0.004" /><testcase classname="tests.indicators_v2.test_price_only_formula_increment_v1" name="test_dema_matches_oracle[20-up]" time="0.004" /><testcase classname="tests.indicators_v2.test_price_only_formula_increment_v1" name="test_dema_matches_oracle[20-down]" time="0.006" /><testcase classname="tests.indicators_v2.test_price_only_formula_increment_v1" name="test_dema_matches_oracle[20-osc]" time="0.005" /><testcase classname="tests.indicators_v2.test_price_only_formula_increment_v1" name="test_dema_matches_oracle[20-jump]" time="0.004" /><testcase classname="tests.indicators_v2.test_price_only_formula_increment_v1" name="test_tema_matches_oracle[5-flat]" time="0.005" /><testcase classname="tests.indicators_v2.test_price_only_formula_increment_v1" name="test_tema_matches_oracle[5-up]" time="0.005" /><testcase classname="tests.indicators_v2.test_price_only_formula_increment_v1" name="test_tema_matches_oracle[5-down]" time="0.004" /><testcase classname="tests.indicators_v2.test_price_only_formula_increment_v1" name="test_tema_matches_oracle[5-osc]" time="0.004" /><testcase classname="tests.indicators_v2.test_price_only_formula_increment_v1" name="test_tema_matches_oracle[5-jump]" time="0.005" /><testcase classname="tests.indicators_v2.test_price_only_formula_increment_v1" name="test_tema_matches_oracle[20-flat]" time="0.005" /><testcase classname="tests.indicators_v2.test_price_only_formula_increment_v1" name="test_tema_matches_oracle[20-up]" time="0.005" /><testcase classname="tests.indicators_v2.test_price_only_formula_increment_v1" name="test_tema_matches_oracle[20-down]" time="0.005" /><testcase classname="tests.indicators_v2.test_price_only_formula_increment_v1" name="test_tema_matches_oracle[20-osc]" time="0.005" /><testcase classname="tests.indicators_v2.test_price_only_formula_increment_v1" name="test_tema_matches_oracle[20-jump]" time="0.005" /><testcase classname="tests.indicators_v2.test_price_only_formula_increment_v1" name="test_cci_matches_oracle[14-flat]" time="0.007" /><testcase classname="tests.indicators_v2.test_price_only_formula_increment_v1" name="test_cci_matches_oracle[14-up]" time="0.007" /><testcase classname="tests.indicators_v2.test_price_only_formula_increment_v1" name="test_cci_matches_oracle[14-down]" time="0.007" /><testcase classname="tests.indicators_v2.test_price_only_formula_increment_v1" name="test_cci_matches_oracle[14-osc]" time="0.007" /><testcase classname="tests.indicators_v2.test_price_only_formula_increment_v1" name="test_cci_matches_oracle[14-jump]" time="0.007" /><testcase classname="tests.indicators_v2.test_price_only_formula_increment_v1" name="test_cci_matches_oracle[20-flat]" time="0.007" /><testcase classname="tests.indicators_v2.test_price_only_formula_increment_v1" name="test_cci_matches_oracle[20-up]" time="0.008" /><testcase classname="tests.indicators_v2.test_price_only_formula_increment_v1" name="test_cci_matches_oracle[20-down]" time="0.007" /><testcase classname="tests.indicators_v2.test_price_only_formula_increment_v1" name="test_cci_matches_oracle[20-osc]" time="0.007" /><testcase classname="tests.indicators_v2.test_price_only_formula_increment_v1" name="test_cci_matches_oracle[20-jump]" time="0.007" /><testcase classname="tests.indicators_v2.test_price_only_formula_increment_v1" name="test_true_range_matches_oracle[flat]" time="0.004" /><testcase classname="tests.indicators_v2.test_price_only_formula_increment_v1" name="test_true_range_matches_oracle[up]" time="0.005" /><testcase classname="tests.indicators_v2.test_price_only_formula_increment_v1" name="test_true_range_matches_oracle[down]" time="0.007" /><testcase classname="tests.indicators_v2.test_price_only_formula_increment_v1" name="test_true_range_matches_oracle[osc]" time="0.005" /><testcase classname="tests.indicators_v2.test_price_only_formula_increment_v1" name="test_true_range_matches_oracle[jump]" time="0.005" /><testcase classname="tests.indicators_v2.test_price_only_formula_increment_v1" name="test_natr_matches_oracle[14-flat]" time="0.005" /><testcase classname="tests.indicators_v2.test_price_only_formula_increment_v1" name="test_natr_matches_oracle[14-up]" time="0.005" /><testcase classname="tests.indicators_v2.test_price_only_formula_increment_v1" name="test_natr_matches_oracle[14-down]" time="0.005" /><testcase classname="tests.indicators_v2.test_price_only_formula_increment_v1" name="test_natr_matches_oracle[14-osc]" time="0.005" /><testcase classname="tests.indicators_v2.test_price_only_formula_increment_v1" name="test_natr_matches_oracle[14-jump]" time="0.004" /><testcase classname="tests.indicators_v2.test_price_only_formula_increment_v1" name="test_natr_matches_oracle[20-flat]" time="0.006" /><testcase classname="tests.indicators_v2.test_price_only_formula_increment_v1" name="test_natr_matches_oracle[20-up]" time="0.005" /><testcase classname="tests.indicators_v2.test_price_only_formula_increment_v1" name="test_natr_matches_oracle[20-down]" time="0.005" /><testcase classname="tests.indicators_v2.test_price_only_formula_increment_v1" name="test_natr_matches_oracle[20-osc]" time="0.005" /><testcase classname="tests.indicators_v2.test_price_only_formula_increment_v1" name="test_natr_matches_oracle[20-jump]" time="0.005" /><testcase classname="tests.indicators_v2.test_price_only_formula_increment_v1" name="test_psy_matches_oracle[12-flat]" time="0.007" /><testcase classname="tests.indicators_v2.test_price_only_formula_increment_v1" name="test_psy_matches_oracle[12-up]" time="0.006" /><testcase classname="tests.indicators_v2.test_price_only_formula_increment_v1" name="test_psy_matches_oracle[12-down]" time="0.006" /><testcase classname="tests.indicators_v2.test_price_only_formula_increment_v1" name="test_psy_matches_oracle[12-osc]" time="0.007" /><testcase classname="tests.indicators_v2.test_price_only_formula_increment_v1" name="test_psy_matches_oracle[12-jump]" time="0.006" /><testcase classname="tests.indicators_v2.test_price_only_formula_increment_v1" name="test_psy_matches_oracle[6-flat]" time="0.006" /><testcase classname="tests.indicators_v2.test_price_only_formula_increment_v1" name="test_psy_matches_oracle[6-up]" time="0.006" /><testcase classname="tests.indicators_v2.test_price_only_formula_increment_v1" name="test_psy_matches_oracle[6-down]" time="0.006" /><testcase classname="tests.indicators_v2.test_price_only_formula_increment_v1" name="test_psy_matches_oracle[6-osc]" time="0.007" /><testcase classname="tests.indicators_v2.test_price_only_formula_increment_v1" name="test_psy_matches_oracle[6-jump]" time="0.006" /><testcase classname="tests.indicators_v2.test_price_only_formula_increment_v1" name="test_psy_is_not_constant_one_hundred" time="0.005" /><testcase classname="tests.indicators_v2.test_price_only_formula_increment_v1" name="test_psy_monotonic_up_is_one_hundred" time="0.005" /><testcase classname="tests.indicators_v2.test_price_only_formula_increment_v1" name="test_donchian_matches_oracle[20-flat]" time="0.007" /><testcase classname="tests.indicators_v2.test_price_only_formula_increment_v1" name="test_donchian_matches_oracle[20-up]" time="0.007" /><testcase classname="tests.indicators_v2.test_price_only_formula_increment_v1" name="test_donchian_matches_oracle[20-down]" time="0.008" /><testcase classname="tests.indicators_v2.test_price_only_formula_increment_v1" name="test_donchian_matches_oracle[20-osc]" time="0.008" /><testcase classname="tests.indicators_v2.test_price_only_formula_increment_v1" name="test_donchian_matches_oracle[20-jump]" time="0.008" /><testcase classname="tests.indicators_v2.test_price_only_formula_increment_v1" name="test_donchian_matches_oracle[10-flat]" time="0.009" /><testcase classname="tests.indicators_v2.test_price_only_formula_increment_v1" name="test_donchian_matches_oracle[10-up]" time="0.007" /><testcase classname="tests.indicators_v2.test_price_only_formula_increment_v1" name="test_donchian_matches_oracle[10-down]" time="0.007" /><testcase classname="tests.indicators_v2.test_price_only_formula_increment_v1" name="test_donchian_matches_oracle[10-osc]" time="0.006" /><testcase classname="tests.indicators_v2.test_price_only_formula_increment_v1" name="test_donchian_matches_oracle[10-jump]" time="0.007" /><testcase classname="tests.indicators_v2.test_price_only_formula_increment_v1" name="test_donchian_shift_excludes_current_bar" time="0.010" /><testcase classname="tests.indicators_v2.test_price_only_formula_increment_v1" name="test_rolling_volatility_matches_oracle[20-osc]" time="0.007" /><testcase classname="tests.indicators_v2.test_price_only_formula_increment_v1" name="test_rolling_volatility_matches_oracle[20-jump]" time="0.006" /><testcase classname="tests.indicators_v2.test_price_only_formula_increment_v1" name="test_rolling_volatility_matches_oracle[20-up]" time="0.007" /><testcase classname="tests.indicators_v2.test_price_only_formula_increment_v1" name="test_rolling_volatility_matches_oracle[10-osc]" time="0.006" /><testcase classname="tests.indicators_v2.test_price_only_formula_increment_v1" name="test_rolling_volatility_matches_oracle[10-jump]" time="0.008" /><testcase classname="tests.indicators_v2.test_price_only_formula_increment_v1" name="test_rolling_volatility_matches_oracle[10-up]" time="0.007" /><testcase classname="tests.indicators_v2.test_price_only_formula_increment_v1" name="test_historical_return_matches_oracle[20-flat]" time="0.005" /><testcase classname="tests.indicators_v2.test_price_only_formula_increment_v1" name="test_historical_return_matches_oracle[20-up]" time="0.004" /><testcase classname="tests.indicators_v2.test_price_only_formula_increment_v1" name="test_historical_return_matches_oracle[20-down]" time="0.004" /><testcase classname="tests.indicators_v2.test_price_only_formula_increment_v1" name="test_historical_return_matches_oracle[20-osc]" time="0.004" /><testcase classname="tests.indicators_v2.test_price_only_formula_increment_v1" name="test_historical_return_matches_oracle[20-jump]" time="0.004" /><testcase classname="tests.indicators_v2.test_price_only_formula_increment_v1" name="test_historical_return_matches_oracle[5-flat]" time="0.004" /><testcase classname="tests.indicators_v2.test_price_only_formula_increment_v1" name="test_historical_return_matches_oracle[5-up]" time="0.004" /><testcase classname="tests.indicators_v2.test_price_only_formula_increment_v1" name="test_historical_return_matches_oracle[5-down]" time="0.005" /><testcase classname="tests.indicators_v2.test_price_only_formula_increment_v1" name="test_historical_return_matches_oracle[5-osc]" time="0.004" /><testcase classname="tests.indicators_v2.test_price_only_formula_increment_v1" name="test_historical_return_matches_oracle[5-jump]" time="0.004" /><testcase classname="tests.indicators_v2.test_price_only_formula_increment_v1" name="test_price_extremes_matches_oracle[20-flat]" time="0.007" /><testcase classname="tests.indicators_v2.test_price_only_formula_increment_v1" name="test_price_extremes_matches_oracle[20-up]" time="0.006" /><testcase classname="tests.indicators_v2.test_price_only_formula_increment_v1" name="test_price_extremes_matches_oracle[20-down]" time="0.007" /><testcase classname="tests.indicators_v2.test_price_only_formula_increment_v1" name="test_price_extremes_matches_oracle[20-osc]" time="0.007" /><testcase classname="tests.indicators_v2.test_price_only_formula_increment_v1" name="test_price_extremes_matches_oracle[20-jump]" time="0.006" /><testcase classname="tests.indicators_v2.test_price_only_formula_increment_v1" name="test_price_extremes_matches_oracle[10-flat]" time="0.007" /><testcase classname="tests.indicators_v2.test_price_only_formula_increment_v1" name="test_price_extremes_matches_oracle[10-up]" time="0.007" /><testcase classname="tests.indicators_v2.test_price_only_formula_increment_v1" name="test_price_extremes_matches_oracle[10-down]" time="0.007" /><testcase classname="tests.indicators_v2.test_price_only_formula_increment_v1" name="test_price_extremes_matches_oracle[10-osc]" time="0.007" /><testcase classname="tests.indicators_v2.test_price_only_formula_increment_v1" name="test_price_extremes_matches_oracle[10-jump]" time="0.007" /><testcase classname="tests.indicators_v2.test_price_only_formula_increment_v1" name="test_prior_breakout_matches_oracle[20-flat]" time="0.006" /><testcase classname="tests.indicators_v2.test_price_only_formula_increment_v1" name="test_prior_breakout_matches_oracle[20-up]" time="0.007" /><testcase classname="tests.indicators_v2.test_price_only_formula_increment_v1" name="test_prior_breakout_matches_oracle[20-down]" time="0.007" /><testcase classname="tests.indicators_v2.test_price_only_formula_increment_v1" name="test_prior_breakout_matches_oracle[20-osc]" time="0.008" /><testcase classname="tests.indicators_v2.test_price_only_formula_increment_v1" name="test_prior_breakout_matches_oracle[20-jump]" time="0.007" /><testcase classname="tests.indicators_v2.test_price_only_formula_increment_v1" name="test_prior_breakout_matches_oracle[10-flat]" time="0.007" /><testcase classname="tests.indicators_v2.test_price_only_formula_increment_v1" name="test_prior_breakout_matches_oracle[10-up]" time="0.007" /><testcase classname="tests.indicators_v2.test_price_only_formula_increment_v1" name="test_prior_breakout_matches_oracle[10-down]" time="0.006" /><testcase classname="tests.indicators_v2.test_price_only_formula_increment_v1" name="test_prior_breakout_matches_oracle[10-osc]" time="0.008" /><testcase classname="tests.indicators_v2.test_price_only_formula_increment_v1" name="test_prior_breakout_matches_oracle[10-jump]" time="0.008" /><testcase classname="tests.indicators_v2.test_price_only_formula_increment_v1" name="test_drawdown_from_peak_matches_oracle[60-flat]" time="0.007" /><testcase classname="tests.indicators_v2.test_price_only_formula_increment_v1" name="test_drawdown_from_peak_matches_oracle[60-up]" time="0.007" /><testcase classname="tests.indicators_v2.test_price_only_formula_increment_v1" name="test_drawdown_from_peak_matches_oracle[60-down]" time="0.007" /><testcase classname="tests.indicators_v2.test_price_only_formula_increment_v1" name="test_drawdown_from_peak_matches_oracle[60-osc]" time="0.006" /><testcase classname="tests.indicators_v2.test_price_only_formula_increment_v1" name="test_drawdown_from_peak_matches_oracle[60-jump]" time="0.006" /><testcase classname="tests.indicators_v2.test_price_only_formula_increment_v1" name="test_drawdown_from_peak_matches_oracle[20-flat]" time="0.007" /><testcase classname="tests.indicators_v2.test_price_only_formula_increment_v1" name="test_drawdown_from_peak_matches_oracle[20-up]" time="0.007" /><testcase classname="tests.indicators_v2.test_price_only_formula_increment_v1" name="test_drawdown_from_peak_matches_oracle[20-down]" time="0.011" /><testcase classname="tests.indicators_v2.test_price_only_formula_increment_v1" name="test_drawdown_from_peak_matches_oracle[20-osc]" time="0.014" /><testcase classname="tests.indicators_v2.test_price_only_formula_increment_v1" name="test_drawdown_from_peak_matches_oracle[20-jump]" time="0.011" /><testcase classname="tests.indicators_v2.test_price_only_formula_increment_v1" name="test_macd_hist_raw_matches_oracle[flat]" time="0.010" /><testcase classname="tests.indicators_v2.test_price_only_formula_increment_v1" name="test_macd_hist_raw_matches_oracle[up]" time="0.011" /><testcase classname="tests.indicators_v2.test_price_only_formula_increment_v1" name="test_macd_hist_raw_matches_oracle[down]" time="0.013" /><testcase classname="tests.indicators_v2.test_price_only_formula_increment_v1" name="test_macd_hist_raw_matches_oracle[osc]" time="0.011" /><testcase classname="tests.indicators_v2.test_price_only_formula_increment_v1" name="test_macd_hist_raw_matches_oracle[jump]" time="0.012" /><testcase classname="tests.indicators_v2.test_price_only_formula_increment_v1" name="test_macd_hist_raw_is_half_of_macd_hist" time="0.012" /><testcase classname="tests.indicators_v2.test_price_only_formula_increment_v1" name="test_trix_matches_oracle[12-flat]" time="0.007" /><testcase classname="tests.indicators_v2.test_price_only_formula_increment_v1" name="test_trix_matches_oracle[12-up]" time="0.007" /><testcase classname="tests.indicators_v2.test_price_only_formula_increment_v1" name="test_trix_matches_oracle[12-down]" time="0.007" /><testcase classname="tests.indicators_v2.test_price_only_formula_increment_v1" name="test_trix_matches_oracle[12-osc]" time="0.007" /><testcase classname="tests.indicators_v2.test_price_only_formula_increment_v1" name="test_trix_matches_oracle[12-jump]" time="0.007" /><testcase classname="tests.indicators_v2.test_price_only_formula_increment_v1" name="test_trix_matches_oracle[6-flat]" time="0.008" /><testcase classname="tests.indicators_v2.test_price_only_formula_increment_v1" name="test_trix_matches_oracle[6-up]" time="0.012" /><testcase classname="tests.indicators_v2.test_price_only_formula_increment_v1" name="test_trix_matches_oracle[6-down]" time="0.007" /><testcase classname="tests.indicators_v2.test_price_only_formula_increment_v1" name="test_trix_matches_oracle[6-osc]" time="0.008" /><testcase classname="tests.indicators_v2.test_price_only_formula_increment_v1" name="test_trix_matches_oracle[6-jump]" time="0.007" /><testcase classname="tests.indicators_v2.test_price_only_formula_increment_v1" name="test_keltner_matches_oracle[flat]" time="0.006" /><testcase classname="tests.indicators_v2.test_price_only_formula_increment_v1" name="test_keltner_matches_oracle[up]" time="0.006" /><testcase classname="tests.indicators_v2.test_price_only_formula_increment_v1" name="test_keltner_matches_oracle[down]" time="0.006" /><testcase classname="tests.indicators_v2.test_price_only_formula_increment_v1" name="test_keltner_matches_oracle[osc]" time="0.006" /><testcase classname="tests.indicators_v2.test_price_only_formula_increment_v1" name="test_keltner_matches_oracle[jump]" time="0.008" /><testcase classname="tests.indicators_v2.test_price_only_formula_increment_v1" name="test_volume_ma_and_amount_ma_match_oracle[20]" time="0.010" /><testcase classname="tests.indicators_v2.test_price_only_formula_increment_v1" name="test_volume_ma_and_amount_ma_match_oracle[5]" time="0.011" /><testcase classname="tests.indicators_v2.test_price_only_formula_increment_v1" name="test_rvol_variants_match_oracle_and_differ[20]" time="0.009" /><testcase classname="tests.indicators_v2.test_price_only_formula_increment_v1" name="test_rvol_variants_match_oracle_and_differ[5]" time="0.008" /><testcase classname="tests.indicators_v2.test_price_only_formula_increment_v1" name="test_accumulation_distribution_and_chaikin_and_pvt_match_oracle" time="0.009" /><testcase classname="tests.indicators_v2.test_price_only_formula_increment_v1" name="test_vwap_proxy_and_mfi_match_oracle" time="0.009" /><testcase classname="tests.indicators_v2.test_price_only_formula_increment_v1" name="test_rolling_slope_matches_oracle" time="0.005" /><testcase classname="tests.indicators_v2.test_price_only_formula_increment_v1" name="test_edge_shapes_do_not_raise_and_stay_finite_or_nan[flat]" time="0.018" /><testcase classname="tests.indicators_v2.test_price_only_formula_increment_v1" name="test_edge_shapes_do_not_raise_and_stay_finite_or_nan[up]" time="0.018" /><testcase classname="tests.indicators_v2.test_price_only_formula_increment_v1" name="test_edge_shapes_do_not_raise_and_stay_finite_or_nan[down]" time="0.019" /><testcase classname="tests.indicators_v2.test_price_only_formula_increment_v1" name="test_edge_shapes_do_not_raise_and_stay_finite_or_nan[osc]" time="0.018" /><testcase classname="tests.indicators_v2.test_price_only_formula_increment_v1" name="test_edge_shapes_do_not_raise_and_stay_finite_or_nan[jump]" time="0.018" /><testcase classname="tests.indicators_v2.test_price_only_formula_increment_v1" name="test_edge_shapes_do_not_raise_and_stay_finite_or_nan[gap]" time="0.019" /><testcase classname="tests.indicators_v2.test_price_only_formula_increment_v1" name="test_edge_shapes_do_not_raise_and_stay_finite_or_nan[nonfinite]" time="0.020" /><testcase classname="tests.indicators_v2.test_price_only_formula_increment_v1" name="test_nonfinite_input_fails_closed" time="0.008" /><testcase classname="tests.indicators_v2.test_price_only_formula_increment_v1" name="test_zero_volume_does_not_produce_inf" time="0.012" /><testcase classname="tests.indicators_v2.test_price_only_formula_increment_v1" name="test_short_series_below_warmup_is_not_ready" time="0.004" /><testcase classname="tests.indicators_v2.test_price_only_formula_increment_v1" name="test_appending_future_does_not_change_past[flat]" time="0.036" /><testcase classname="tests.indicators_v2.test_price_only_formula_increment_v1" name="test_appending_future_does_not_change_past[up]" time="0.035" /><testcase classname="tests.indicators_v2.test_price_only_formula_increment_v1" name="test_appending_future_does_not_change_past[down]" time="0.035" /><testcase classname="tests.indicators_v2.test_price_only_formula_increment_v1" name="test_appending_future_does_not_change_past[osc]" time="0.036" /><testcase classname="tests.indicators_v2.test_price_only_formula_increment_v1" name="test_appending_future_does_not_change_past[jump]" time="0.035" /><testcase classname="tests.indicators_v2.test_price_only_formula_increment_v1" name="test_wilder_rma_oracle_reseeds_after_gap" time="0.001" /><testcase classname="tests.indicators_v2.test_price_only_formula_increment_v1" name="test_natr_and_keltner_match_oracle_across_gaps[gap]" time="0.007" /><testcase classname="tests.indicators_v2.test_price_only_formula_increment_v1" name="test_natr_and_keltner_match_oracle_across_gaps[nonfinite]" time="0.006" /><testcase classname="tests.indicators_v2.test_price_only_formula_increment_v1" name="test_natr_normal_control_without_gaps" time="0.006" /><testcase classname="tests.indicators_v2.test_price_only_formula_increment_v1" name="test_gap_breaks_segment_and_does_not_backfill" time="0.006" /><testcase classname="tests.indicators_v2.test_price_only_formula_increment_v1" name="test_invalid_ohlc_breaks_true_range_and_dmi_previous_close" time="0.005" /><testcase classname="tests.indicators_v2.test_price_only_formula_increment_v1" name="test_keltner_waits_for_both_component_warmups" time="0.004" /><testcase classname="tests.indicators_v2.test_price_only_formula_increment_v1" name="test_psy_and_mfi_restart_comparisons_after_invalid_row" time="0.009" /><testcase classname="tests.indicators_v2.test_price_only_formula_increment_v1" name="test_negative_amount_is_not_a_ready_vwap_proxy" time="0.002" /><testcase classname="tests.conditions_v2.test_condition_layer_v2" name="test_not_unknown_stays_unknown" time="0.002" /><testcase classname="tests.conditions_v2.test_condition_layer_v2" name="test_and_truth_table" time="0.004" /><testcase classname="tests.conditions_v2.test_condition_layer_v2" name="test_or_truth_table" time="0.002" /><testcase classname="tests.conditions_v2.test_condition_layer_v2" name="test_unknown_never_becomes_eligible" time="0.001" /><testcase classname="tests.conditions_v2.test_condition_layer_v2" name="test_nan_comparison_yields_unknown_not_true" time="0.003" /><testcase classname="tests.conditions_v2.test_condition_layer_v2" name="test_comparison_and_logic_combination" time="0.002" /><testcase classname="tests.conditions_v2.test_condition_layer_v2" name="test_cross_requires_adjacent_valid_observations" time="0.001" /><testcase classname="tests.conditions_v2.test_condition_layer_v2" name="test_cross_down_positive_case" time="0.001" /><testcase classname="tests.conditions_v2.test_condition_layer_v2" name="test_cross_does_not_bridge_gap" time="0.001" /><testcase classname="tests.conditions_v2.test_condition_layer_v2" name="test_above_below_and_between" time="0.003" /><testcase classname="tests.conditions_v2.test_condition_layer_v2" name="test_every_and_exist_semantics" time="0.003" /><testcase classname="tests.conditions_v2.test_condition_layer_v2" name="test_every_unknown_when_no_false_but_unknown_present" time="0.001" /><testcase classname="tests.conditions_v2.test_condition_layer_v2" name="test_barslast_counts_since_last_true" time="0.001" /><testcase classname="tests.conditions_v2.test_condition_layer_v2" name="test_unknown_operator_rejected" time="0.000" /><testcase classname="tests.conditions_v2.test_condition_layer_v2" name="test_negative_lag_rejected" time="0.001" /><testcase classname="tests.conditions_v2.test_condition_layer_v2" name="test_centered_window_rejected" time="0.001" /><testcase classname="tests.conditions_v2.test_condition_layer_v2" name="test_depth_limit_enforced" time="0.000" /><testcase classname="tests.conditions_v2.test_condition_layer_v2" name="test_node_limit_enforced" time="0.001" /><testcase classname="tests.conditions_v2.test_condition_layer_v2" name="test_expression_layer_does_not_use_eval_or_exec" time="0.010" /><testcase classname="tests.conditions_v2.test_condition_layer_v2" name="test_missing_indicator_output_rejected" time="0.002" /><testcase classname="tests.conditions_v2.test_condition_layer_v2" name="test_missing_field_rejected" time="0.001" /><testcase classname="tests.conditions_v2.test_condition_layer_v2" name="test_unready_indicator_output_is_unknown" time="0.002" /><testcase classname="tests.conditions_v2.test_condition_layer_v2" name="test_cross_sectional_requires_view" time="0.001" /><testcase classname="tests.conditions_v2.test_condition_layer_v2" name="test_cross_sectional_top_n_stable_tie_break" time="0.015" /><testcase classname="tests.conditions_v2.test_condition_layer_v2" name="test_cross_sectional_percentile_ranks_within_bar_only" time="0.004" /><testcase classname="tests.conditions_v2.test_condition_layer_v2" name="test_condition_consumes_registry_outputs_end_to_end" time="0.005" /><testcase classname="tests.conditions_v2.test_price_only_condition_consumption_v1" name="test_condition_layer_consumes_cci_output_with_true_false_unknown" time="0.003" /><testcase classname="tests.conditions_v2.test_price_only_condition_consumption_v1" name="test_condition_layer_consumes_natr_output" time="0.002" /><testcase classname="tests.conditions_v2.test_price_only_condition_consumption_v1" name="test_condition_layer_consumes_psy_output" time="0.002" /><testcase classname="tests.conditions_v2.test_price_only_condition_consumption_v1" name="test_condition_layer_consumes_each_new_indicator[DEMA-dema-10.0]" time="0.002" /><testcase classname="tests.conditions_v2.test_price_only_condition_consumption_v1" name="test_condition_layer_consumes_each_new_indicator[TEMA-tema-10.0]" time="0.002" /><testcase classname="tests.conditions_v2.test_price_only_condition_consumption_v1" name="test_condition_layer_consumes_each_new_indicator[TRIX-trix-0.5]" time="0.003" /><testcase classname="tests.conditions_v2.test_price_only_condition_consumption_v1" name="test_condition_layer_consumes_each_new_indicator[KELTNER-upper-10.0]" time="0.003" /><testcase classname="tests.conditions_v2.test_price_only_condition_consumption_v1" name="test_condition_layer_consumes_each_new_indicator[DONCHIAN-upper-10.0]" time="0.002" /><testcase classname="tests.conditions_v2.test_price_only_condition_consumption_v1" name="test_condition_layer_consumes_each_new_indicator[PRICE_EXTREMES-hhv-10.0]" time="0.002" /><testcase classname="tests.conditions_v2.test_price_only_condition_consumption_v1" name="test_condition_layer_consumes_each_new_indicator[HISTORICAL_RETURN-return-0.5]" time="0.002" /><testcase classname="tests.conditions_v2.test_price_only_condition_consumption_v1" name="test_condition_layer_consumes_each_new_indicator[ROLLING_VOLATILITY-volatility-0.01]" time="0.002" /><testcase classname="tests.conditions_v2.test_price_only_condition_consumption_v1" name="test_condition_layer_consumes_each_new_indicator[VOLUME_MA-volume_ma-500000.0]" time="0.002" /><testcase classname="tests.conditions_v2.test_price_only_condition_consumption_v1" name="test_condition_layer_consumes_each_new_indicator[RVOL_PRIOR-rvol-1.0]" time="0.002" /><testcase classname="tests.conditions_v2.test_price_only_condition_consumption_v1" name="test_condition_layer_consumes_each_new_indicator[MFI-mfi-50.0]" time="0.002" /><testcase classname="tests.conditions_v2.test_price_only_condition_consumption_v1" name="test_indicator_reaches_account_chain_through_public_entry[CCI-params0-condition0]" time="0.273" /><testcase classname="tests.conditions_v2.test_price_only_condition_consumption_v1" name="test_indicator_reaches_account_chain_through_public_entry[NATR-params1-condition1]" time="0.253" /><testcase classname="tests.conditions_v2.test_price_only_condition_consumption_v1" name="test_indicator_reaches_account_chain_through_public_entry[PSY-params2-condition2]" time="0.236" /><testcase classname="tests.conditions_v2.test_price_only_condition_consumption_v1" name="test_indicator_reaches_account_chain_through_public_entry[DEMA-params3-condition3]" time="0.237" /><testcase classname="tests.conditions_v2.test_price_only_condition_consumption_v1" name="test_indicator_reaches_account_chain_through_public_entry[TEMA-params4-condition4]" time="0.230" /><testcase classname="tests.conditions_v2.test_price_only_condition_consumption_v1" name="test_indicator_reaches_account_chain_through_public_entry[TRIX-params5-condition5]" time="0.208" /><testcase classname="tests.conditions_v2.test_price_only_condition_consumption_v1" name="test_indicator_reaches_account_chain_through_public_entry[DONCHIAN-params6-condition6]" time="0.266" /><testcase classname="tests.conditions_v2.test_price_only_condition_consumption_v1" name="test_indicator_reaches_account_chain_through_public_entry[KELTNER-params7-condition7]" time="0.267" /><testcase classname="tests.conditions_v2.test_price_only_condition_consumption_v1" name="test_indicator_reaches_account_chain_through_public_entry[HISTORICAL_RETURN-params8-condition8]" time="0.240" /><testcase classname="tests.conditions_v2.test_price_only_condition_consumption_v1" name="test_indicator_reaches_account_chain_through_public_entry[ROLLING_VOLATILITY-params9-condition9]" time="0.241" /><testcase classname="tests.conditions_v2.test_price_only_condition_consumption_v1" name="test_indicator_reaches_account_chain_through_public_entry[PRICE_EXTREMES-params10-condition10]" time="0.308" /><testcase classname="tests.conditions_v2.test_price_only_condition_consumption_v1" name="test_indicator_reaches_account_chain_through_public_entry[PRIOR_BREAKOUT-params11-condition11]" time="0.323" /><testcase classname="tests.conditions_v2.test_price_only_condition_consumption_v1" name="test_indicator_reaches_account_chain_through_public_entry[VOLUME_MA-params12-condition12]" time="0.221" /><testcase classname="tests.conditions_v2.test_price_only_condition_consumption_v1" name="test_indicator_reaches_account_chain_through_public_entry[RVOL_PRIOR-params13-condition13]" time="0.294" /><testcase classname="tests.conditions_v2.test_price_only_condition_consumption_v1" name="test_indicator_reaches_account_chain_through_public_entry[MFI-params14-condition14]" time="0.251" /><testcase classname="tests.conditions_v2.test_price_only_condition_consumption_v1" name="test_indicator_reaches_account_chain_through_public_entry[ACCUMULATION_DISTRIBUTION-params15-condition15]" time="0.187" /><testcase classname="tests.conditions_v2.test_price_only_condition_consumption_v1" name="test_indicator_reaches_account_chain_through_public_entry[CHAIKIN_MONEY_FLOW-params16-condition16]" time="0.252" /><testcase classname="tests.conditions_v2.test_price_only_condition_consumption_v1" name="test_indicator_reaches_account_chain_through_public_entry[PVT-params17-condition17]" time="0.241" /><testcase classname="tests.conditions_v2.test_price_only_condition_consumption_v1" name="test_indicator_reaches_account_chain_through_public_entry[VWAP_SESSION_PROXY-params18-condition18]" time="0.235" /><testcase classname="tests.conditions_v2.test_price_only_condition_consumption_v1" name="test_indicator_reaches_account_chain_through_public_entry[MACD_HIST_RAW-params19-condition19]" time="0.247" /><testcase classname="tests.conditions_v2.test_price_only_condition_consumption_v1" name="test_indicator_reaches_account_chain_through_public_entry[AMOUNT_MA-params20-condition20]" time="0.218" /><testcase classname="tests.conditions_v2.test_price_only_condition_consumption_v1" name="test_indicator_reaches_account_chain_through_public_entry[DRAWDOWN_FROM_PEAK-params21-condition21]" time="0.232" /><testcase classname="tests.conditions_v2.test_price_only_condition_consumption_v1" name="test_indicator_reaches_account_chain_through_public_entry[ROLLING_SLOPE-params22-condition22]" time="0.227" /><testcase classname="tests.conditions_v2.test_price_only_condition_consumption_v1" name="test_indicator_reaches_account_chain_through_public_entry[RVOL_INCL_CURRENT-params23-condition23]" time="0.240" /><testcase classname="tests.conditions_v2.test_price_only_condition_consumption_v1" name="test_indicator_reaches_account_chain_through_public_entry[TRUE_RANGE-params24-condition24]" time="0.238" /><testcase classname="tests.conditions_v2.test_price_only_condition_consumption_v1" name="test_condition_true_false_unknown_counts_are_recorded" time="0.196" /><testcase classname="tests.conditions_v2.test_price_only_condition_consumption_v1" name="test_impossible_condition_produces_no_trade_not_false_pass" time="0.123" /></testsuite></testsuites>